2022-04-22 15:55:28.1379 INFO Get User Success :3570-Receiving Section Chemical Lab
2022-04-22 15:55:46.0226 INFO Get User Success :3570-Receiving Section Chemical Lab
2022-04-22 15:59:25.1877 INFO Get User Success :3570-Receiving Section Chemical Lab
2022-04-22 15:59:47.0699 INFO Get User Success :3570-Receiving Section Chemical Lab
2022-04-22 15:59:49.9679 INFO Get User Success :3570-Receiving Section Chemical Lab
2022-04-22 15:59:50.7580 INFO Get User Success :3570-Receiving Section Chemical Lab
2022-04-22 16:01:56.4958 INFO Get User Success :3570-Receiving Section Chemical Lab
2022-04-22 16:09:17.9274 INFO Get User Success :3570-Receiving Section Chemical Lab
2022-04-22 16:11:58.0208 INFO Get User Success :3570-Receiving Section Chemical Lab
2022-04-22 16:15:33.2460 INFO Get User Success :3570-Receiving Section Chemical Lab
2022-04-22 16:16:33.6824 INFO Get User Success :3570-Receiving Section Chemical Lab
2022-04-22 16:20:54.9501 INFO Get User Success :3570-Receiving Section Chemical Lab
2022-04-22 16:26:14.9437 INFO Get User Success :3570-Receiving Section Chemical Lab
2022-04-22 16:32:15.3220 INFO Get User Success :3570-Receiving Section Chemical Lab
2022-04-22 16:32:57.2552 INFO Get User Success :3570-Receiving Section Chemical Lab
2022-04-22 16:33:11.1203 INFO Get User Success :3570-Receiving Section Chemical Lab
2022-04-22 16:34:15.5254 INFO Get User Success :3570-Receiving Section Chemical Lab
2022-04-22 16:35:15.0717 INFO Get User Success :3570-Receiving Section Chemical Lab
2022-04-22 16:35:24.4851 INFO Get User Success :3570-Receiving Section Chemical Lab
2022-04-22 16:40:02.9311 INFO Get User Success :3570-Receiving Section Chemical Lab
2022-04-22 16:40:57.5839 INFO Get User Success :3570-Receiving Section Chemical Lab
2022-04-22 16:45:57.2280 INFO Get User Success :3570-Receiving Section Chemical Lab
2022-04-22 16:46:20.6065 INFO Get User Success :3570-Receiving Section Chemical Lab
2022-04-22 16:47:09.8545 INFO Get User Success :3570-Receiving Section Chemical Lab
2022-04-22 16:47:21.4653 INFO Get User Success :3570-Receiving Section Chemical Lab
2022-04-22 16:47:52.2290 INFO Get User Success :3570-Receiving Section Chemical Lab
2022-04-22 16:48:06.3773 INFO Get User Success :3570-Receiving Section Chemical Lab
2022-04-22 16:49:16.4571 INFO Get User Success :3570-Receiving Section Chemical Lab
2022-04-22 16:52:40.8190 INFO Get User Success :3570-Receiving Section Chemical Lab
2022-04-22 16:53:04.0041 INFO Get User Success :3570-Receiving Section Chemical Lab
2022-04-22 16:53:31.9497 INFO Get User Success :3570-Receiving Section Chemical Lab
2022-04-22 16:53:38.3880 INFO Get User Success :3570-Receiving Section Chemical Lab
2022-04-22 16:53:44.7919 INFO Get User Success :3570-Receiving Section Chemical Lab
2022-04-22 16:53:46.5839 INFO Get User Success :3570-Receiving Section Chemical Lab
2022-04-22 16:54:07.5546 INFO Get User Success :3570-Receiving Section Chemical Lab
2022-04-22 16:54:19.4537 INFO Get User Success :3570-Receiving Section Chemical Lab
2022-04-22 16:56:29.9034 INFO Get User Success :3570-Receiving Section Chemical Lab
2022-04-22 17:13:21.8845 INFO Get User Success :3570-Receiving Section Chemical Lab
2022-04-22 17:13:35.4807 INFO Get User Success :3570-Receiving Section Chemical Lab
2022-04-22 17:13:40.6740 INFO Get User Success :3570-Receiving Section Chemical Lab
2022-04-22 17:13:54.1580 INFO Get User Success :3570-Receiving Section Chemical Lab
2022-04-22 17:14:07.9168 INFO Get User Success :3570-Receiving Section Chemical Lab
2022-04-22 17:14:09.4031 INFO Get User Success :3570-Receiving Section Chemical Lab
2022-04-22 17:14:45.8098 INFO Get User Success :3570-Receiving Section Chemical Lab
2022-04-22 17:14:55.4676 INFO Get User Success :3570-Receiving Section Chemical Lab
2022-04-22 17:15:10.2540 INFO Get User Success :3570-Receiving Section Chemical Lab
2022-04-22 17:15:15.2996 INFO Get User Success :3570-Receiving Section Chemical Lab
2022-04-22 17:15:18.5778 INFO Get User Success :3570-Receiving Section Chemical Lab
2022-04-22 17:15:21.2539 INFO Get User Success :3570-Receiving Section Chemical Lab
2022-04-22 17:15:41.9190 INFO Get User Success :3570-Receiving Section Chemical Lab
2022-04-22 17:15:47.8234 INFO Get User Success :3570-Receiving Section Chemical Lab
2022-04-22 17:15:52.4298 INFO Get User Success :3570-Receiving Section Chemical Lab
2022-04-22 17:15:59.7221 INFO Get User Success :3570-Receiving Section Chemical Lab
2022-04-22 17:16:03.2097 INFO Get User Success :3570-Receiving Section Chemical Lab
2022-04-22 17:23:19.5856 INFO Get User Success :3570-Receiving Section Chemical Lab
2022-04-22 17:23:33.6001 INFO Get User Success :3570-Receiving Section Chemical Lab
2022-04-22 17:23:48.5044 INFO Get User Success :339-Bihar Distillers & Bottlers Pvt. Ltd - Unit- 1
2022-04-22 17:23:48.7275 INFO Get User Success :339-Bihar Distillers & Bottlers Pvt. Ltd - Unit- 1
2022-04-22 17:23:48.8732 INFO Get Product Type Master List Success
2022-04-22 17:23:48.9649 INFO Get User Success :bdbl_dis
2022-04-22 17:23:51.7443 INFO Get User Success :339-Bihar Distillers & Bottlers Pvt. Ltd - Unit- 1
2022-04-22 17:23:51.8181 INFO Get User Success :339-Bihar Distillers & Bottlers Pvt. Ltd - Unit- 1
2022-04-22 17:23:51.9736 INFO Get Product Type Master List Success
2022-04-22 17:23:52.0921 INFO Get User Success :bdbl_dis
2022-04-22 17:23:57.1890 INFO Get User Success :339-Bihar Distillers & Bottlers Pvt. Ltd - Unit- 1
2022-04-22 17:26:47.8210 INFO Get User Success :339-Bihar Distillers & Bottlers Pvt. Ltd - Unit- 1
2022-04-22 17:26:48.1156 INFO Get User Success :339-Bihar Distillers & Bottlers Pvt. Ltd - Unit- 1
2022-04-22 17:26:48.2643 INFO Get Product Type Master List Success
2022-04-22 17:26:48.3831 INFO Get User Success :bdbl_dis
2022-04-22 17:26:52.4813 INFO Get User Success :339-Bihar Distillers & Bottlers Pvt. Ltd - Unit- 1
2022-04-22 17:26:52.5541 INFO Get User Success :339-Bihar Distillers & Bottlers Pvt. Ltd - Unit- 1
2022-04-22 17:26:52.7150 INFO Get Product Type Master List Success
2022-04-22 17:26:52.7923 INFO Get User Success :bdbl_dis
2022-04-22 17:27:03.7253 INFO Get User Success :339-Bihar Distillers & Bottlers Pvt. Ltd - Unit- 1
2022-04-22 17:27:17.9164 INFO Get Pass List Success
2022-04-22 17:27:17.9867 INFO Get User Success :339-Bihar Distillers & Bottlers Pvt. Ltd - Unit- 1
2022-04-22 17:27:29.1009 INFO Get Product Type Master List Success
2022-04-22 17:27:29.1725 INFO Get User Success :bdbl_dis
2022-04-22 17:27:45.3204 INFO Get Pass List Success
2022-04-22 17:27:45.3908 INFO Get User Success :339-Bihar Distillers & Bottlers Pvt. Ltd - Unit- 1
2022-04-22 17:28:07.1321 INFO Get User Success :339-Bihar Distillers & Bottlers Pvt. Ltd - Unit- 1
2022-04-22 17:28:18.1806 INFO Get Report  Success
2022-04-22 17:28:18.4867 INFO Get GetSeverList Success
