2022-05-28 12:55:18.3003 INFO Get User Success :3579-Superintendent of Prohibition, Purnea
2022-05-28 12:55:18.6164 INFO Get User Success :3579-Superintendent of Prohibition, Purnea
2022-05-28 12:55:18.8673 INFO Get Product Type Master List Success
2022-05-28 12:55:18.9604 INFO Get User Success :puedo
2022-05-28 12:55:22.6214 INFO Get User Success :3579-Superintendent of Prohibition, Purnea
2022-05-28 12:55:22.7049 INFO Get Product Master List Success
2022-05-28 12:55:22.8615 INFO Get User Success :3579-Superintendent of Prohibition, Purnea
2022-05-28 12:55:22.9412 INFO Get Product Master List Success
2022-05-28 12:55:23.0273 INFO Check WorkFlow List Success
2022-05-28 12:59:37.0885 INFO Get RR List Success
2022-05-28 12:59:37.2352 INFO Get Product Type Master List Success
2022-05-28 12:59:37.3212 INFO Get User Success :puedo
2022-05-28 13:01:47.4458 INFO Get User Success :3579-Superintendent of Prohibition, Purnea
2022-05-28 13:01:47.5157 INFO Get Product Master List Success
2022-05-28 13:01:47.8561 INFO Get State List Success
2022-05-28 13:01:48.2279 INFO Get NOC Sucess:1289
2022-05-28 13:01:48.3406 INFO Get NOC Sucess:Req/2022-2023/1
2022-05-28 13:01:48.5232 INFO Get State List Success
2022-05-28 13:01:48.8680 INFO Get NOC Details Success
2022-05-28 13:01:48.9388 INFO Get Customer Details Success
2022-05-28 13:01:49.1872 INFO Check WorkFlow List Success
2022-05-28 13:01:49.3215 INFO Get User Success :3579-Superintendent of Prohibition, Purnea
2022-05-28 13:01:49.5239 INFO Get Product Type Master List Success
2022-05-28 13:01:49.5951 INFO Get User Success :puedo
2022-05-28 13:01:59.4329 INFO Get User Success :3579-Superintendent of Prohibition, Purnea
2022-05-28 13:01:59.5190 INFO Get Product Master List Success
2022-05-28 13:01:59.6228 INFO Get User Success :3579-Superintendent of Prohibition, Purnea
2022-05-28 13:01:59.6899 INFO Get Product Master List Success
2022-05-28 13:01:59.7569 INFO Check WorkFlow List Success
2022-05-28 13:06:26.1555 INFO Get RR List Success
2022-05-28 13:06:26.2364 INFO Get Product Type Master List Success
2022-05-28 13:06:26.3992 INFO Get User Success :puedo
