2022-05-17 14:33:42.2564 INFO Get User Success :339-Bihar Distillers & Bottlers Pvt. Ltd - Unit- 1
2022-05-17 14:34:00.0032 INFO Get User Success :339-Bihar Distillers & Bottlers Pvt. Ltd - Unit- 1
2022-05-17 14:34:00.1473 INFO Get Product Type Master List Success
2022-05-17 14:34:00.2362 INFO Get User Success :bdbl_dis
2022-05-17 14:34:51.8651 INFO Get User Success :339-Bihar Distillers & Bottlers Pvt. Ltd - Unit- 1
2022-05-17 14:34:54.6614 INFO Get User Success :339-Bihar Distillers & Bottlers Pvt. Ltd - Unit- 1
2022-05-17 14:34:55.8864 INFO Get Product Type Master List Success
2022-05-17 14:34:55.9555 INFO Get User Success :bdbl_dis
2022-05-17 14:35:00.4022 INFO Get User Success :339-Bihar Distillers & Bottlers Pvt. Ltd - Unit- 1
2022-05-17 14:35:03.7105 INFO Get Form84 List Success
2022-05-17 14:35:03.7903 INFO Get Product Type Master List Success
2022-05-17 14:35:03.8579 INFO Get User Success :bdbl_dis
2022-05-17 14:35:07.3169 INFO Get User Success :339-Bihar Distillers & Bottlers Pvt. Ltd - Unit- 1
2022-05-17 14:35:07.3849 INFO Get VAT Master List Success
2022-05-17 14:35:07.4601 INFO Get VAT Master List Success
2022-05-17 14:35:07.5293 INFO Get VAT Master List Success
2022-05-17 14:35:07.6044 INFO Get VAT Master List Success
2022-05-17 14:35:07.6729 INFO Get User Success :339-Bihar Distillers & Bottlers Pvt. Ltd - Unit- 1
2022-05-17 14:41:58.7411 INFO Get User Success :339-Bihar Distillers & Bottlers Pvt. Ltd - Unit- 1
2022-05-17 14:42:02.0988 INFO Get Form84 List Success
2022-05-17 14:42:02.1762 INFO Get Product Type Master List Success
2022-05-17 14:42:02.2480 INFO Get User Success :bdbl_dis
2022-05-17 14:42:05.5102 INFO Get User Success :339-Bihar Distillers & Bottlers Pvt. Ltd - Unit- 1
2022-05-17 14:42:05.5772 INFO Get VAT Master List Success
2022-05-17 14:42:16.9769 INFO Get VAT Master List Success
2022-05-17 14:42:17.0424 INFO Get VAT Master List Success
2022-05-17 14:45:14.3623 INFO Get VAT Master List Success
