2022-04-20 12:10:58.0212 INFO Get User Success :207-excise_Rohtas
2022-04-20 12:10:58.4647 INFO Get Product Type Master List Success
2022-04-20 12:10:58.6338 INFO Get User Success :excise_Rohtas
2022-04-20 12:12:16.3926 INFO Get User Success :207-excise_Rohtas
2022-04-20 12:12:16.6177 INFO Get Product Type Master List Success
2022-04-20 12:12:16.7634 INFO Get User Success :excise_Rohtas
2022-04-20 12:12:32.3243 INFO Get Division List Success
2022-04-20 12:12:38.0644 INFO Get User Success :207-excise_Rohtas
2022-04-20 12:12:53.6523 INFO Get Product Type Master List Success
2022-04-20 12:12:53.8896 INFO Get User Success :excise_Rohtas
2022-04-20 12:13:06.4621 INFO Get Thana List Success
2022-04-20 12:13:11.0360 INFO Get Product Type Master List Success
2022-04-20 12:13:11.1991 INFO Get User Success :excise_Rohtas
2022-04-20 12:13:16.0264 INFO Get Product Type Master List Success
2022-04-20 12:13:16.2231 INFO Get User Success :excise_Rohtas
2022-04-20 12:13:19.7047 INFO Get State List Success
2022-04-20 12:13:20.4592 INFO Get Product Type Master List Success
2022-04-20 12:13:20.6030 INFO Get User Success :excise_Rohtas
2022-04-20 12:14:47.6715 INFO Get Product Type Master List Success
2022-04-20 12:14:47.8118 INFO Get User Success :excise_Rohtas
2022-04-20 12:14:52.3355 INFO Get State List Success
2022-04-20 12:14:56.9028 INFO Get Product Type Master List Success
2022-04-20 12:14:56.9845 INFO Get User Success :excise_Rohtas
2022-04-20 12:18:32.1676 INFO Get Product Type Master List Success
2022-04-20 12:18:32.3596 INFO Get User Success :excise_Rohtas
2022-04-20 12:18:36.0483 INFO Get State List Success
2022-04-20 12:18:41.0407 INFO Get Product Type Master List Success
2022-04-20 12:18:41.1630 INFO Get User Success :excise_Rohtas
2022-04-20 13:12:52.2072 INFO Get User Success :338-Assistant Commissioner, Bhojpur
2022-04-20 13:12:52.5056 INFO Get User Success :338-Assistant Commissioner, Bhojpur
2022-04-20 13:12:52.7166 INFO Get Product Type Master List Success
2022-04-20 13:12:52.8034 INFO Get User Success :bhedo
2022-04-20 13:12:59.7391 INFO Get User Success :338-Assistant Commissioner, Bhojpur
2022-04-20 13:13:00.0625 INFO Get User Success :338-Assistant Commissioner, Bhojpur
2022-04-20 13:14:31.2221 INFO Check WorkFlow List Success
2022-04-20 14:19:11.5459 INFO Get User Success :207-excise_Rohtas
2022-04-20 14:19:11.8088 INFO Get Product Type Master List Success
2022-04-20 14:19:11.9480 INFO Get User Success :excise_Rohtas
2022-04-20 14:19:16.8168 INFO Get Division List Success
2022-04-20 14:19:29.1563 INFO Get User Success :207-excise_Rohtas
2022-04-20 14:19:39.2377 INFO Get Product Type Master List Success
2022-04-20 14:19:39.3265 INFO Get User Success :excise_Rohtas
2022-04-20 14:19:46.0101 INFO Get Thana List Success
2022-04-20 14:19:51.0013 INFO Get Product Type Master List Success
2022-04-20 14:19:51.1357 INFO Get User Success :excise_Rohtas
2022-04-20 14:19:58.6677 INFO Get Product Type Master List Success
2022-04-20 14:19:58.8528 INFO Get User Success :excise_Rohtas
2022-04-20 14:20:09.1982 INFO Get State List Success
2022-04-20 14:20:17.7661 INFO Get Product Type Master List Success
2022-04-20 14:20:17.8418 INFO Get User Success :excise_Rohtas
2022-04-20 14:21:10.2012 INFO Get Product Type Master List Success
2022-04-20 14:21:10.3140 INFO Get User Success :excise_Rohtas
2022-04-20 14:21:11.7689 INFO Get State List Success
2022-04-20 14:21:12.3443 INFO Get Product Type Master List Success
2022-04-20 14:21:12.4684 INFO Get User Success :excise_Rohtas
2022-04-20 14:21:17.5988 INFO Get Product Type Master List Success
2022-04-20 14:21:17.6973 INFO Get User Success :excise_Rohtas
2022-04-20 14:21:19.6685 INFO Get State List Success
2022-04-20 14:21:25.4415 INFO Get Product Type Master List Success
2022-04-20 14:21:25.5307 INFO Get User Success :excise_Rohtas
2022-04-20 14:21:42.8267 INFO Get Product Type Master List Success
2022-04-20 14:21:42.9436 INFO Get User Success :excise_Rohtas
2022-04-20 14:21:44.9822 INFO Get State List Success
2022-04-20 14:21:49.5203 INFO Get Product Type Master List Success
2022-04-20 14:21:49.5944 INFO Get User Success :excise_Rohtas
2022-04-20 14:21:57.2606 INFO Get Product Type Master List Success
2022-04-20 14:21:57.3806 INFO Get User Success :excise_Rohtas
2022-04-20 14:21:58.5080 INFO Get State List Success
2022-04-20 14:21:59.1802 INFO Get Product Type Master List Success
2022-04-20 14:21:59.3447 INFO Get User Success :excise_Rohtas
2022-04-20 16:38:37.0243 INFO Get User Success :353-Similia Research Laboratory Pvt. Ltd
2022-04-20 16:38:37.3269 INFO Get User Success :353-Similia Research Laboratory Pvt. Ltd
2022-04-20 16:38:37.9395 INFO Get Product Type Master List Success
2022-04-20 16:38:38.0589 INFO Get User Success :similia_lab
2022-04-20 16:38:47.5493 INFO Get User Success :353-Similia Research Laboratory Pvt. Ltd
2022-04-20 16:38:58.2098 INFO Get Product Type Master List Success
2022-04-20 16:38:58.3008 INFO Get User Success :similia_lab
2022-04-20 16:39:01.4976 INFO Get User Fail :353--Index and length must refer to a location within the string.
Parameter name: length
2022-04-20 16:39:01.6233 INFO Get Allotment List Success
2022-04-20 16:39:01.7614 INFO Get Product Type Master List Success
2022-04-20 16:39:01.8560 INFO Get User Success :similia_lab
2022-04-20 16:39:04.2281 INFO Get User Fail :353--Index and length must refer to a location within the string.
Parameter name: length
2022-04-20 16:39:04.3402 INFO Get Product Master List Success
2022-04-20 16:39:04.4429 INFO Get VAT Master List Success
2022-04-20 16:45:37.8943 INFO Get Allotment Details Success
2022-04-20 16:45:42.0077 INFO Get Product Type Master List Success
2022-04-20 16:45:42.0940 INFO Get User Success :similia_lab
2022-04-20 17:09:00.6709 INFO Get User Fail :353--Index and length must refer to a location within the string.
Parameter name: length
2022-04-20 17:09:00.7736 INFO Get Allotment List Success
2022-04-20 17:09:00.8717 INFO Get Product Type Master List Success
2022-04-20 17:09:00.9771 INFO Get User Success :similia_lab
2022-04-20 17:09:03.1256 INFO Get User Fail :353--Index and length must refer to a location within the string.
Parameter name: length
2022-04-20 17:09:03.1977 INFO Get Product Master List Success
2022-04-20 17:09:03.2761 INFO Get VAT Master List Success
2022-04-20 17:09:03.3428 INFO Get Product Type Master List Success
2022-04-20 17:09:03.4176 INFO Get User Success :similia_lab
2022-04-20 17:09:14.9891 INFO Get VAT Details Fail :Field not found in row: party_name
2022-04-20 17:09:44.1935 INFO Get User Fail :353--Index and length must refer to a location within the string.
Parameter name: length
