2022-04-08 09:42:59.9239 INFO Get User Success :339-Bihar Distillers & Bottlers Pvt. Ltd - Unit- 1
2022-04-08 09:43:00.1334 INFO Get User Success :339-Bihar Distillers & Bottlers Pvt. Ltd - Unit- 1
2022-04-08 09:43:00.2748 INFO Get Product Type Master List Success
2022-04-08 09:43:00.3466 INFO Get User Success :bdbl_dis
2022-04-08 09:43:03.9400 INFO Get User Success :339-Bihar Distillers & Bottlers Pvt. Ltd - Unit- 1
2022-04-08 09:43:09.3427 INFO Get User Success :339-Bihar Distillers & Bottlers Pvt. Ltd - Unit- 1
2022-04-08 09:43:10.1892 INFO Get Product Type Master List Success
2022-04-08 09:43:10.2520 INFO Get User Success :bdbl_dis
2022-04-08 09:43:15.1275 INFO Get User Success :339-Bihar Distillers & Bottlers Pvt. Ltd - Unit- 1
2022-04-08 09:43:15.2524 INFO Get Product Type Master List Success
2022-04-08 09:43:15.3337 INFO Get User Success :bdbl_dis
2022-04-08 09:43:21.1876 INFO Get User Success :339-Bihar Distillers & Bottlers Pvt. Ltd - Unit- 1
2022-04-08 09:43:25.9587 INFO Get Product Type Master List Success
2022-04-08 09:43:26.0225 INFO Get User Success :bdbl_dis
2022-04-08 09:43:28.4976 INFO Get User Success :339-Bihar Distillers & Bottlers Pvt. Ltd - Unit- 1
2022-04-08 09:43:28.5601 INFO Get VAT Master List Success
2022-04-08 09:43:28.6733 INFO Get Product Type Master List Success
2022-04-08 09:43:28.7345 INFO Get User Success :bdbl_dis
2022-04-08 09:43:32.0780 INFO Get User Success :339-Bihar Distillers & Bottlers Pvt. Ltd - Unit- 1
2022-04-08 09:43:34.6173 INFO Get User Success :339-Bihar Distillers & Bottlers Pvt. Ltd - Unit- 1
2022-04-08 09:56:37.0091 INFO Get User Success :339-Bihar Distillers & Bottlers Pvt. Ltd - Unit- 1
2022-04-08 09:56:37.2528 INFO Get User Success :339-Bihar Distillers & Bottlers Pvt. Ltd - Unit- 1
2022-04-08 09:56:37.4167 INFO Get Product Type Master List Success
2022-04-08 09:56:37.5099 INFO Get User Success :bdbl_dis
2022-04-08 09:56:43.0193 INFO Get User Success :339-Bihar Distillers & Bottlers Pvt. Ltd - Unit- 1
2022-04-08 09:56:49.2747 INFO Get User Success :339-Bihar Distillers & Bottlers Pvt. Ltd - Unit- 1
2022-04-08 09:56:50.0040 INFO Get Product Type Master List Success
2022-04-08 09:56:50.0658 INFO Get User Success :bdbl_dis
2022-04-08 09:56:54.7803 INFO Get User Success :339-Bihar Distillers & Bottlers Pvt. Ltd - Unit- 1
2022-04-08 09:56:54.8851 INFO Get Product Type Master List Success
2022-04-08 09:56:54.9649 INFO Get User Success :bdbl_dis
2022-04-08 09:56:59.2432 INFO Get User Success :339-Bihar Distillers & Bottlers Pvt. Ltd - Unit- 1
2022-04-08 09:57:07.0390 INFO Get Product Type Master List Success
2022-04-08 09:57:07.0998 INFO Get User Success :bdbl_dis
2022-04-08 09:57:09.6461 INFO Get User Success :339-Bihar Distillers & Bottlers Pvt. Ltd - Unit- 1
2022-04-08 09:57:09.7030 INFO Get VAT Master List Success
2022-04-08 10:00:44.8759 INFO Get User Success :339-Bihar Distillers & Bottlers Pvt. Ltd - Unit- 1
2022-04-08 10:00:45.0893 INFO Get User Success :339-Bihar Distillers & Bottlers Pvt. Ltd - Unit- 1
2022-04-08 10:00:45.2076 INFO Get Product Type Master List Success
2022-04-08 10:00:45.2765 INFO Get User Success :bdbl_dis
2022-04-08 10:00:49.3875 INFO Get User Success :339-Bihar Distillers & Bottlers Pvt. Ltd - Unit- 1
2022-04-08 10:00:57.6057 INFO Get User Success :339-Bihar Distillers & Bottlers Pvt. Ltd - Unit- 1
2022-04-08 10:00:58.2310 INFO Get Product Type Master List Success
2022-04-08 10:00:58.2919 INFO Get User Success :bdbl_dis
2022-04-08 10:01:02.4470 INFO Get User Success :339-Bihar Distillers & Bottlers Pvt. Ltd - Unit- 1
2022-04-08 10:01:02.5138 INFO Get Product Type Master List Success
2022-04-08 10:01:02.5748 INFO Get User Success :bdbl_dis
2022-04-08 10:01:03.9079 INFO Get User Success :339-Bihar Distillers & Bottlers Pvt. Ltd - Unit- 1
2022-04-08 10:01:08.9511 INFO Get Product Type Master List Success
2022-04-08 10:01:09.0149 INFO Get User Success :bdbl_dis
2022-04-08 10:01:11.1042 INFO Get User Success :339-Bihar Distillers & Bottlers Pvt. Ltd - Unit- 1
2022-04-08 10:01:11.1730 INFO Get VAT Master List Success
2022-04-08 10:01:11.2767 INFO Get Product Type Master List Success
2022-04-08 10:01:11.3326 INFO Get User Success :bdbl_dis
2022-04-08 10:53:02.2801 INFO Get User Success :205-excise_Patna
2022-04-08 10:53:02.4426 INFO Get Product Type Master List Success
2022-04-08 10:53:02.5064 INFO Get User Success :excise_Patna
2022-04-08 10:53:10.9171 INFO Get Division List Success
2022-04-08 10:53:21.2984 INFO Get User Success :205-excise_Patna
2022-04-08 10:53:27.9592 INFO Get Product Type Master List Success
2022-04-08 10:53:28.0260 INFO Get User Success :excise_Patna
2022-04-08 10:53:39.1658 INFO Get User Success :205-excise_Patna
2022-04-08 10:53:42.7119 INFO Get Thana List Success
2022-04-08 10:53:47.8767 INFO Get Product Type Master List Success
2022-04-08 10:53:47.9395 INFO Get User Success :excise_Patna
2022-04-08 10:53:51.4938 INFO Get Product Type Master List Success
2022-04-08 10:53:52.2428 INFO Get User Success :excise_Patna
2022-04-08 10:53:54.7351 INFO Get Product Type Master List Success
2022-04-08 10:53:54.8408 INFO Get User Success :excise_Patna
2022-04-08 13:30:34.8644 INFO Get User Success :339-Bihar Distillers & Bottlers Pvt. Ltd - Unit- 1
2022-04-08 13:30:35.0778 INFO Get User Success :339-Bihar Distillers & Bottlers Pvt. Ltd - Unit- 1
2022-04-08 13:30:35.2134 INFO Get Product Type Master List Success
2022-04-08 13:30:35.2969 INFO Get User Success :bdbl_dis
2022-04-08 13:30:58.1451 INFO Get User Success :339-Bihar Distillers & Bottlers Pvt. Ltd - Unit- 1
2022-04-08 13:31:16.7020 INFO Get User Success :339-Bihar Distillers & Bottlers Pvt. Ltd - Unit- 1
2022-04-08 13:31:18.6090 INFO Get Product Type Master List Success
2022-04-08 13:31:18.6698 INFO Get User Success :bdbl_dis
2022-04-08 13:31:23.7383 INFO Get User Success :339-Bihar Distillers & Bottlers Pvt. Ltd - Unit- 1
2022-04-08 13:31:23.8091 INFO Get Product Type Master List Success
2022-04-08 13:31:23.8699 INFO Get User Success :bdbl_dis
2022-04-08 13:31:27.2577 INFO Get User Success :339-Bihar Distillers & Bottlers Pvt. Ltd - Unit- 1
2022-04-08 13:31:57.5718 INFO Get Product Type Master List Success
2022-04-08 13:31:57.6477 INFO Get User Success :bdbl_dis
2022-04-08 13:32:01.1980 INFO Get User Success :339-Bihar Distillers & Bottlers Pvt. Ltd - Unit- 1
2022-04-08 13:32:28.3480 INFO Get Product Type Master List Success
2022-04-08 13:32:28.4108 INFO Get User Success :bdbl_dis
2022-04-08 13:32:42.3595 INFO Get User Success :339-Bihar Distillers & Bottlers Pvt. Ltd - Unit- 1
2022-04-08 13:42:11.4368 INFO Get User Success :339-Bihar Distillers & Bottlers Pvt. Ltd - Unit- 1
2022-04-08 13:42:11.6509 INFO Get User Success :339-Bihar Distillers & Bottlers Pvt. Ltd - Unit- 1
2022-04-08 13:42:11.7808 INFO Get Product Type Master List Success
2022-04-08 13:42:11.8611 INFO Get User Success :bdbl_dis
2022-04-08 13:42:17.3956 INFO Get User Success :339-Bihar Distillers & Bottlers Pvt. Ltd - Unit- 1
2022-04-08 13:42:28.1125 INFO Get User Success :339-Bihar Distillers & Bottlers Pvt. Ltd - Unit- 1
2022-04-08 13:42:28.9975 INFO Get Product Type Master List Success
2022-04-08 13:42:29.0546 INFO Get User Success :bdbl_dis
2022-04-08 13:42:32.0894 INFO Get User Success :339-Bihar Distillers & Bottlers Pvt. Ltd - Unit- 1
2022-04-08 13:42:32.1792 INFO Get Product Type Master List Success
2022-04-08 13:42:32.2371 INFO Get User Success :bdbl_dis
2022-04-08 13:42:33.6194 INFO Get User Success :339-Bihar Distillers & Bottlers Pvt. Ltd - Unit- 1
2022-04-08 13:42:49.6930 INFO Get Product Type Master List Success
2022-04-08 13:42:49.7658 INFO Get User Success :bdbl_dis
2022-04-08 13:42:53.7864 INFO Get User Success :339-Bihar Distillers & Bottlers Pvt. Ltd - Unit- 1
2022-04-08 13:47:04.0468 INFO Get Product Type Master List Success
2022-04-08 13:47:04.1206 INFO Get User Success :bdbl_dis
2022-04-08 13:47:09.2618 INFO Get User Success :339-Bihar Distillers & Bottlers Pvt. Ltd - Unit- 1
2022-04-08 13:48:49.2303 INFO Get Product Type Master List Success
2022-04-08 13:48:49.2905 INFO Get User Success :bdbl_dis
2022-04-08 13:48:52.7006 INFO Get User Success :339-Bihar Distillers & Bottlers Pvt. Ltd - Unit- 1
2022-04-08 13:49:00.1090 INFO Get Product Type Master List Success
2022-04-08 13:49:00.1917 INFO Get User Success :bdbl_dis
2022-04-08 13:56:51.3468 INFO Get User Success :339-Bihar Distillers & Bottlers Pvt. Ltd - Unit- 1
2022-04-08 13:57:24.9916 INFO Get Product Type Master List Success
2022-04-08 13:57:25.0763 INFO Get User Success :bdbl_dis
2022-04-08 13:57:34.9925 INFO Get User Success :339-Bihar Distillers & Bottlers Pvt. Ltd - Unit- 1
2022-04-08 13:57:35.0540 INFO Get VAT Master List Success
2022-04-08 13:57:37.7191 INFO Get Product Type Master List Success
2022-04-08 13:57:37.7888 INFO Get User Success :bdbl_dis
2022-04-08 13:58:09.1832 INFO Get User Success :339-Bihar Distillers & Bottlers Pvt. Ltd - Unit- 1
2022-04-08 13:58:16.9037 INFO Get Product Type Master List Success
2022-04-08 13:58:16.9845 INFO Get User Success :bdbl_dis
2022-04-08 13:58:18.6646 INFO Get User Success :339-Bihar Distillers & Bottlers Pvt. Ltd - Unit- 1
2022-04-08 13:58:18.7524 INFO Get VAT Master List Success
2022-04-08 13:58:18.9329 INFO Get Product Type Master List Success
2022-04-08 13:58:19.0246 INFO Get User Success :bdbl_dis
2022-04-08 14:47:19.5425 INFO Get User Success :3573-labtec Chemical Lab
2022-04-08 14:47:23.7385 INFO Get User Success :3573-labtec Chemical Lab
2022-04-08 14:55:33.7613 INFO Get User Success :3573-labtec Chemical Lab
2022-04-08 15:41:25.6403 INFO Get User Success :339-Bihar Distillers & Bottlers Pvt. Ltd - Unit- 1
2022-04-08 15:41:25.8497 INFO Get User Success :339-Bihar Distillers & Bottlers Pvt. Ltd - Unit- 1
2022-04-08 15:41:25.9884 INFO Get Product Type Master List Success
2022-04-08 15:41:26.0632 INFO Get User Success :bdbl_dis
2022-04-08 15:42:25.0976 INFO Get User Success :339-Bihar Distillers & Bottlers Pvt. Ltd - Unit- 1
2022-04-08 15:42:25.1594 INFO Get User Success :339-Bihar Distillers & Bottlers Pvt. Ltd - Unit- 1
2022-04-08 15:42:25.3060 INFO Get Product Type Master List Success
2022-04-08 15:42:25.3758 INFO Get User Success :bdbl_dis
2022-04-08 15:42:28.2216 INFO Get User Success :339-Bihar Distillers & Bottlers Pvt. Ltd - Unit- 1
2022-04-08 15:42:43.3958 INFO Get User Success :339-Bihar Distillers & Bottlers Pvt. Ltd - Unit- 1
2022-04-08 15:44:35.8403 INFO Get RR List Success
2022-04-08 15:44:35.9151 INFO Get Product Type Master List Success
2022-04-08 15:44:36.0049 INFO Get User Success :bdbl_dis
2022-04-08 15:48:37.7467 INFO Get RR List Success
2022-04-08 15:49:14.0545 INFO Get NOC Details Success
2022-04-08 15:49:17.7340 INFO Get NOC Details Success
2022-04-08 15:49:17.7910 INFO Get User Success :339-Bihar Distillers & Bottlers Pvt. Ltd - Unit- 1
2022-04-08 15:49:17.8421 INFO Get Balance Request Pass Success
2022-04-08 16:23:32.7685 INFO Get User Success :339-Bihar Distillers & Bottlers Pvt. Ltd - Unit- 1
2022-04-08 16:23:33.0393 INFO Get User Success :339-Bihar Distillers & Bottlers Pvt. Ltd - Unit- 1
2022-04-08 16:23:33.2258 INFO Get Product Type Master List Success
2022-04-08 16:23:33.3217 INFO Get User Success :bdbl_dis
2022-04-08 16:23:52.8255 INFO Get User Success :339-Bihar Distillers & Bottlers Pvt. Ltd - Unit- 1
2022-04-08 16:23:52.9422 INFO Get User Success :339-Bihar Distillers & Bottlers Pvt. Ltd - Unit- 1
2022-04-08 16:23:53.1876 INFO Get Product Type Master List Success
2022-04-08 16:23:53.3350 INFO Get User Success :bdbl_dis
2022-04-08 16:23:57.5516 INFO Get User Success :339-Bihar Distillers & Bottlers Pvt. Ltd - Unit- 1
2022-04-08 16:26:25.9179 INFO Get User Success :339-Bihar Distillers & Bottlers Pvt. Ltd - Unit- 1
2022-04-08 16:29:10.4248 INFO Get RR List Success
2022-04-08 16:32:55.4059 INFO Get RR List Success
2022-04-08 16:33:48.5366 INFO Get NOC Details Success
2022-04-08 16:33:48.8000 INFO Get Product Type Master List Success
2022-04-08 16:33:49.0244 INFO Get User Success :bdbl_dis
2022-04-08 16:35:09.3606 INFO Get User Success :339-Bihar Distillers & Bottlers Pvt. Ltd - Unit- 1
2022-04-08 16:37:34.2065 INFO Get RR List Success
2022-04-08 16:40:40.0235 INFO Get RR List Success
2022-04-08 16:55:57.5414 INFO Get NOC Details Success
2022-04-08 16:55:57.6561 INFO Get Product Type Master List Success
2022-04-08 16:55:57.7748 INFO Get User Success :bdbl_dis
2022-04-08 16:56:05.7126 INFO Get User Success :339-Bihar Distillers & Bottlers Pvt. Ltd - Unit- 1
2022-04-08 16:57:55.7090 INFO Get RR List Success
2022-04-08 17:01:05.8692 INFO Get RR List Success
2022-04-08 17:24:34.9357 INFO Get NOC Details Success
2022-04-08 17:24:55.2400 INFO Get NOC Details Success
2022-04-08 17:24:55.2999 INFO Get User Success :339-Bihar Distillers & Bottlers Pvt. Ltd - Unit- 1
2022-04-08 17:24:55.3518 INFO Get Balance Request Pass Success
2022-04-08 17:24:55.4629 INFO Get Product Type Master List Success
2022-04-08 17:24:55.5259 INFO Get User Success :bdbl_dis
2022-04-08 17:25:08.3474 INFO Get User Success :339-Bihar Distillers & Bottlers Pvt. Ltd - Unit- 1
2022-04-08 17:25:08.4049 INFO Get User Success :339-Bihar Distillers & Bottlers Pvt. Ltd - Unit- 1
2022-04-08 17:25:08.5177 INFO Get Product Type Master List Success
2022-04-08 17:25:08.5778 INFO Get User Success :bdbl_dis
2022-04-08 17:29:42.1723 INFO Get User Success :339-Bihar Distillers & Bottlers Pvt. Ltd - Unit- 1
2022-04-08 17:29:42.3788 INFO Get User Success :339-Bihar Distillers & Bottlers Pvt. Ltd - Unit- 1
2022-04-08 17:29:42.4995 INFO Get Product Type Master List Success
2022-04-08 17:29:42.5653 INFO Get User Success :bdbl_dis
2022-04-08 17:30:30.2786 INFO Get User Success :339-Bihar Distillers & Bottlers Pvt. Ltd - Unit- 1
2022-04-08 17:30:44.3965 INFO Get User Success :339-Bihar Distillers & Bottlers Pvt. Ltd - Unit- 1
2022-04-08 17:30:45.9516 INFO Get Product Type Master List Success
2022-04-08 17:30:46.0094 INFO Get User Success :bdbl_dis
2022-04-08 17:30:48.6434 INFO Get User Success :339-Bihar Distillers & Bottlers Pvt. Ltd - Unit- 1
2022-04-08 17:30:50.5487 INFO Get VAT Master List Success
2022-04-08 17:30:50.6095 INFO Get Product Type Master List Success
2022-04-08 17:30:50.6714 INFO Get User Success :bdbl_dis
2022-04-08 17:30:52.5762 INFO Get User Success :339-Bihar Distillers & Bottlers Pvt. Ltd - Unit- 1
2022-04-08 17:30:52.6320 INFO Get VAT Master List Success
2022-04-08 17:31:03.6583 INFO Get Product Type Master List Success
2022-04-08 17:31:03.7202 INFO Get User Success :bdbl_dis
2022-04-08 17:31:51.7016 INFO Get User Success :339-Bihar Distillers & Bottlers Pvt. Ltd - Unit- 1
2022-04-08 17:31:51.7543 INFO Get VAT Master List Success
2022-04-08 17:33:15.2387 INFO Get Product Type Master List Success
2022-04-08 17:33:15.3045 INFO Get User Success :bdbl_dis
2022-04-08 17:38:37.6240 INFO Get User Success :339-Bihar Distillers & Bottlers Pvt. Ltd - Unit- 1
2022-04-08 17:38:37.8427 INFO Get User Success :339-Bihar Distillers & Bottlers Pvt. Ltd - Unit- 1
2022-04-08 17:38:37.9658 INFO Get Product Type Master List Success
2022-04-08 17:38:38.0341 INFO Get User Success :bdbl_dis
2022-04-08 17:38:46.9205 INFO Get User Success :339-Bihar Distillers & Bottlers Pvt. Ltd - Unit- 1
2022-04-08 17:39:01.2743 INFO Get User Success :339-Bihar Distillers & Bottlers Pvt. Ltd - Unit- 1
2022-04-08 17:39:02.9008 INFO Get Product Type Master List Success
2022-04-08 17:39:03.0325 INFO Get User Success :bdbl_dis
2022-04-08 17:39:08.9353 INFO Get User Success :339-Bihar Distillers & Bottlers Pvt. Ltd - Unit- 1
2022-04-08 17:39:12.4497 INFO Get VAT Master List Success
2022-04-08 17:39:12.5036 INFO Get Product Type Master List Success
2022-04-08 17:39:12.5684 INFO Get User Success :bdbl_dis
2022-04-08 17:39:14.9439 INFO Get User Success :339-Bihar Distillers & Bottlers Pvt. Ltd - Unit- 1
2022-04-08 17:39:15.0027 INFO Get VAT Master List Success
2022-04-08 17:39:45.6495 INFO Get Product Type Master List Success
2022-04-08 17:39:45.7104 INFO Get User Success :bdbl_dis
2022-04-08 17:39:52.4895 INFO Get User Success :339-Bihar Distillers & Bottlers Pvt. Ltd - Unit- 1
