2022-05-26 14:50:46.5114 INFO Get User Success :97-Harinagar Sugar Mills Ltd
2022-05-26 14:50:47.0468 INFO Get User Success :97-Harinagar Sugar Mills Ltd
2022-05-26 14:50:49.1531 INFO Get Product Type Master List Success
2022-05-26 14:50:49.3745 INFO Get User Success :harinagar_sgr
2022-05-26 14:51:03.9473 INFO Get User Success :97-Harinagar Sugar Mills Ltd
2022-05-26 14:51:04.3449 INFO Get User Success :97-Harinagar Sugar Mills Ltd
2022-05-26 14:51:09.0599 INFO Get Product Type Master List Success
2022-05-26 14:51:11.9591 INFO Get User Success :harinagar_sgr
2022-05-26 14:51:19.4139 INFO Get User Success :97-Harinagar Sugar Mills Ltd
2022-05-26 14:51:19.5632 INFO Get Dispach Master List Success
2022-05-26 14:51:20.3098 INFO Get VAT Master List Success
2022-05-26 14:51:20.4627 INFO Get Product Type Master List Success
2022-05-26 14:51:21.0072 INFO Get User Success :harinagar_sgr
2022-05-26 15:04:55.1932 INFO Get User Success :139-Bharath Sugar Mills,Sidhwalia
2022-05-26 15:04:55.5319 INFO Get User Success :139-Bharath Sugar Mills,Sidhwalia
2022-05-26 15:04:57.3529 INFO Get Product Type Master List Success
2022-05-26 15:04:57.6586 INFO Get User Success :bharath_sgr
2022-05-26 15:05:00.5137 INFO Get User Success :139-Bharath Sugar Mills,Sidhwalia
2022-05-26 15:05:00.6579 INFO Get Product Master List Success
2022-05-26 15:18:08.4573 INFO Get RR List Fail:Exception while reading from stream
