2022-04-27 14:14:20.9376 INFO Get User Success :3574-Saumya Singh
2022-04-27 14:14:21.2230 INFO Get User Success :3574-Saumya Singh
2022-04-27 14:14:21.4714 INFO Get Product Type Master List Success
2022-04-27 14:14:21.5482 INFO Get User Success :Kpmg1
2022-04-27 14:16:00.0809 INFO Get User Success :3574-Saumya Singh
2022-04-27 14:16:00.1519 INFO Get Product Type Master List Success
2022-04-27 14:16:00.2273 INFO Get User Success :Kpmg1
2022-04-27 14:26:57.1810 INFO Get User Success :3574-Saumya Singh
2022-04-27 14:26:57.4393 INFO Get User Success :3574-Saumya Singh
2022-04-27 14:26:57.7105 INFO Get Product Type Master List Success
2022-04-27 14:26:57.7916 INFO Get User Success :Kpmg1
2022-04-27 14:27:08.4382 INFO Get User Success :3574-Saumya Singh
2022-04-27 14:27:08.5160 INFO Get Report  Success
2022-04-27 14:27:15.8635 INFO Get Product Type Master List Success
2022-04-27 14:27:15.9382 INFO Get User Success :Kpmg1
2022-04-27 14:27:43.1229 INFO Get Report  Success
2022-04-27 14:27:45.2080 INFO Get GetSeverList Success
2022-04-27 14:35:46.6173 INFO Get User Success :3574-Saumya Singh
2022-04-27 14:35:46.6916 INFO Get Report  Success
2022-04-27 14:35:46.9170 INFO Get Product Type Master List Success
2022-04-27 14:35:46.9962 INFO Get User Success :Kpmg1
2022-04-27 14:36:51.0617 INFO Get User Success :101-Commissioner
2022-04-27 14:36:51.2409 INFO Get User Success :101-Commissioner
2022-04-27 14:36:51.9334 INFO Get Product Type Master List Success
2022-04-27 14:36:52.0098 INFO Get User Success :com
2022-04-27 14:37:42.6915 INFO Get User Success :101-Commissioner
2022-04-27 14:37:53.4318 INFO Get User Success :3574-Saumya Singh
2022-04-27 14:37:53.6241 INFO Get User Success :3574-Saumya Singh
2022-04-27 14:37:53.6949 INFO Get Product Type Master List Success
2022-04-27 14:37:53.7687 INFO Get User Success :Kpmg1
2022-04-27 14:38:01.6375 INFO Get User Success :3574-Saumya Singh
2022-04-27 14:38:01.7529 INFO Get Report  Success
2022-04-27 14:38:01.9687 INFO Get Product Type Master List Success
2022-04-27 14:38:02.0428 INFO Get User Success :Kpmg1
2022-04-27 14:44:51.3324 INFO Get User Success :378-DM Court Patna
2022-04-27 14:44:51.5252 INFO Get User Success :378-DM Court Patna
2022-04-27 14:44:51.7068 INFO Get Product Type Master List Success
2022-04-27 14:44:51.7976 INFO Get User Success :dm_patna
2022-04-27 14:45:02.2372 INFO Get User Success :378-DM Court Patna
2022-04-27 14:45:22.5232 INFO Get User Success :3574-Saumya Singh
2022-04-27 14:45:22.6917 INFO Get User Success :3574-Saumya Singh
2022-04-27 14:45:22.7536 INFO Get Product Type Master List Success
2022-04-27 14:45:22.8204 INFO Get User Success :Kpmg1
2022-04-27 14:45:37.7586 INFO Get User Success :3574-Saumya Singh
2022-04-27 14:45:37.8224 INFO Get Report  Success
2022-04-27 14:45:38.0110 INFO Get Product Type Master List Success
2022-04-27 14:45:38.0786 INFO Get User Success :Kpmg1
2022-04-27 14:45:50.9562 INFO Get User Success :3574-Saumya Singh
2022-04-27 14:45:55.0742 INFO Get User Success :101-Commissioner
2022-04-27 14:45:55.1366 INFO Get Product Type Master List Success
2022-04-27 14:45:55.2032 INFO Get User Success :Kpmg1
2022-04-27 14:47:04.1796 INFO Get User Success :3574-Saumya Singh
2022-04-27 14:48:01.3623 INFO Get User Success :101-Commissioner
2022-04-27 14:48:01.4311 INFO Get Product Type Master List Success
2022-04-27 14:48:01.4972 INFO Get User Success :Kpmg1
2022-04-27 14:49:03.6158 INFO Get User Success :3574-Saumya Singh
2022-04-27 14:49:03.7746 INFO Get User Success :3574-Saumya Singh
2022-04-27 14:49:03.8377 INFO Get Product Type Master List Success
2022-04-27 14:49:03.9054 INFO Get User Success :Kpmg1
