2022-05-25 15:06:44.7675 INFO Get User Success :98-Harinagar Sugar Mills Limited(Distillery Division)
2022-05-25 15:06:45.1535 INFO Get User Success :98-Harinagar Sugar Mills Limited(Distillery Division)
2022-05-25 15:06:46.0748 INFO Get Product Type Master List Success
2022-05-25 15:06:46.2647 INFO Get User Success :harinagar_dis
2022-05-25 15:06:53.7370 INFO Get User Success :98-Harinagar Sugar Mills Limited(Distillery Division)
2022-05-25 15:06:58.7694 INFO Get Product Type Master List Success
2022-05-25 15:06:58.8680 INFO Get User Success :harinagar_dis
2022-05-25 15:08:22.4392 INFO Get User Success :98-Harinagar Sugar Mills Limited(Distillery Division)
2022-05-25 15:08:24.6647 INFO Get VAT Master List Success
2022-05-25 15:08:24.8938 INFO Get Product Type Master List Success
2022-05-25 15:08:24.9922 INFO Get User Success :harinagar_dis
2022-05-25 15:08:32.3511 INFO Get User Success :98-Harinagar Sugar Mills Limited(Distillery Division)
2022-05-25 15:08:32.5559 INFO Get VAT Master List Success
2022-05-25 15:08:38.1169 INFO Get Product Type Master List Success
2022-05-25 15:08:38.2121 INFO Get User Success :harinagar_dis
2022-05-25 15:08:52.8489 INFO Get User Success :98-Harinagar Sugar Mills Limited(Distillery Division)
2022-05-25 15:08:55.8134 INFO Get Form84 List Success
2022-05-25 15:08:55.9345 INFO Get Product Type Master List Success
2022-05-25 15:08:56.0223 INFO Get User Success :harinagar_dis
2022-05-25 15:09:06.4120 INFO Get User Success :98-Harinagar Sugar Mills Limited(Distillery Division)
2022-05-25 15:09:06.4931 INFO Get VAT Master List Success
2022-05-25 15:09:08.4634 INFO Get VAT Master List Success
2022-05-25 15:09:08.5519 INFO Get VAT Master List Success
2022-05-25 15:09:09.4979 INFO Get VAT Master List Success
2022-05-25 15:09:09.5840 INFO Get User Success :98-Harinagar Sugar Mills Limited(Distillery Division)
2022-05-25 15:09:09.7449 INFO Get VAT Master List Success
2022-05-25 15:09:09.8222 INFO Get VAT Master List Success
2022-05-25 15:09:09.9854 INFO Get Product Type Master List Success
2022-05-25 15:09:10.1099 INFO Get User Success :harinagar_dis
2022-05-25 15:11:14.8175 INFO Get User Success :98-Harinagar Sugar Mills Limited(Distillery Division)
2022-05-25 15:11:16.3782 INFO Get Form84 List Success
2022-05-25 15:11:16.4563 INFO Get Product Type Master List Success
2022-05-25 15:11:16.5449 INFO Get User Success :harinagar_dis
2022-05-25 15:11:20.8426 INFO Get User Success :98-Harinagar Sugar Mills Limited(Distillery Division)
2022-05-25 15:11:20.9186 INFO Get VAT Master List Success
2022-05-25 15:11:23.3355 INFO Get VAT Master List Success
2022-05-25 15:11:23.4249 INFO Get VAT Master List Success
2022-05-25 15:11:23.5255 INFO Get User Success :98-Harinagar Sugar Mills Limited(Distillery Division)
2022-05-25 15:11:23.7156 INFO Get VAT Master List Success
2022-05-25 15:11:23.8098 INFO Get VAT Master List Success
2022-05-25 15:11:23.9883 INFO Get Product Type Master List Success
2022-05-25 15:11:24.1404 INFO Get User Success :harinagar_dis
2022-05-25 15:12:50.4599 INFO Get VAT Master List Success
2022-05-25 15:25:59.8564 INFO Get form84 Update Success
2022-05-25 15:25:59.9674 INFO Get User Success :98-Harinagar Sugar Mills Limited(Distillery Division)
2022-05-25 15:26:02.9543 INFO Get Form84 List Success
2022-05-25 15:26:03.0334 INFO Get Product Type Master List Success
2022-05-25 15:26:03.1186 INFO Get User Success :harinagar_dis
2022-05-25 15:26:08.8510 INFO Get User Success :98-Harinagar Sugar Mills Limited(Distillery Division)
2022-05-25 15:26:08.9229 INFO Get VAT Master List Success
2022-05-25 15:26:10.7697 INFO Get VAT Master List Success
2022-05-25 15:26:10.8445 INFO Get VAT Master List Success
2022-05-25 15:26:10.9233 INFO Get User Success :98-Harinagar Sugar Mills Limited(Distillery Division)
2022-05-25 15:26:11.0702 INFO Get VAT Master List Success
2022-05-25 15:26:11.1489 INFO Get VAT Master List Success
2022-05-25 15:26:11.3022 INFO Get Product Type Master List Success
2022-05-25 15:26:11.4338 INFO Get User Success :harinagar_dis
2022-05-25 15:35:09.7588 INFO Get User Success :98-Harinagar Sugar Mills Limited(Distillery Division)
2022-05-25 15:35:10.0936 INFO Get User Success :98-Harinagar Sugar Mills Limited(Distillery Division)
2022-05-25 15:35:10.8951 INFO Get Product Type Master List Success
2022-05-25 15:35:11.0455 INFO Get User Success :harinagar_dis
2022-05-25 15:35:18.0900 INFO Get User Success :98-Harinagar Sugar Mills Limited(Distillery Division)
2022-05-25 15:35:28.7869 INFO Get Product Type Master List Success
2022-05-25 15:35:28.8898 INFO Get User Success :harinagar_dis
2022-05-25 15:36:10.9888 INFO Get User Success :98-Harinagar Sugar Mills Limited(Distillery Division)
2022-05-25 15:36:13.2181 INFO Get Form84 List Success
2022-05-25 15:36:13.3535 INFO Get Product Type Master List Success
2022-05-25 15:36:13.4366 INFO Get User Success :harinagar_dis
2022-05-25 15:36:15.2491 INFO Get User Success :98-Harinagar Sugar Mills Limited(Distillery Division)
2022-05-25 15:36:15.3242 INFO Get VAT Master List Success
2022-05-25 15:36:21.4326 INFO Get VAT Master List Success
2022-05-25 15:36:21.5084 INFO Get VAT Master List Success
2022-05-25 15:36:21.5925 INFO Get User Success :98-Harinagar Sugar Mills Limited(Distillery Division)
2022-05-25 15:36:21.7435 INFO Get VAT Master List Success
2022-05-25 15:36:21.8272 INFO Get VAT Master List Success
2022-05-25 15:36:21.9825 INFO Get Product Type Master List Success
2022-05-25 15:36:22.1046 INFO Get User Success :harinagar_dis
2022-05-25 15:36:27.7575 INFO Get VAT Master List Success
2022-05-25 15:36:28.3110 INFO Get form84 Update Success
2022-05-25 15:36:28.4148 INFO Get User Success :98-Harinagar Sugar Mills Limited(Distillery Division)
2022-05-25 15:36:30.0750 INFO Get Form84 List Success
2022-05-25 15:36:30.1532 INFO Get Product Type Master List Success
2022-05-25 15:36:30.2349 INFO Get User Success :harinagar_dis
2022-05-25 15:36:55.2960 INFO Get User Success :98-Harinagar Sugar Mills Limited(Distillery Division)
2022-05-25 15:36:55.3775 INFO Get VAT Master List Success
2022-05-25 15:36:57.2208 INFO Get VAT Master List Success
2022-05-25 15:36:57.3018 INFO Get VAT Master List Success
2022-05-25 15:36:58.3267 INFO Get VAT Master List Success
2022-05-25 15:36:58.4043 INFO Get User Success :98-Harinagar Sugar Mills Limited(Distillery Division)
2022-05-25 15:36:58.5592 INFO Get VAT Master List Success
2022-05-25 15:36:58.6373 INFO Get VAT Master List Success
2022-05-25 15:36:58.7903 INFO Get Product Type Master List Success
2022-05-25 15:36:58.9138 INFO Get User Success :harinagar_dis
2022-05-25 15:37:19.3508 INFO Get User Success :103-Harinagar Distillery Division - Bond Officer
2022-05-25 15:37:19.5489 INFO Get User Success :103-Harinagar Distillery Division - Bond Officer
2022-05-25 15:37:19.8603 INFO Get Product Type Master List Success
2022-05-25 15:37:19.9391 INFO Get User Success :harinagar_disbo
2022-05-25 15:37:23.0032 INFO Get User Success :103-Harinagar Distillery Division - Bond Officer
2022-05-25 15:37:25.1501 INFO Get Product Type Master List Success
2022-05-25 15:37:25.2292 INFO Get User Success :harinagar_disbo
2022-05-25 15:37:27.0756 INFO Get User Success :103-Harinagar Distillery Division - Bond Officer
2022-05-25 15:37:28.8097 INFO Get Form84 List Success
2022-05-25 15:37:28.9001 INFO Get Product Type Master List Success
2022-05-25 15:37:28.9987 INFO Get User Success :harinagar_disbo
2022-05-25 15:37:32.0843 INFO Get User Success :103-Harinagar Distillery Division - Bond Officer
2022-05-25 15:37:32.1655 INFO Get VAT Master List Success
2022-05-25 15:37:33.8847 INFO Get VAT Master List Success
2022-05-25 15:37:33.9662 INFO Get VAT Master List Success
2022-05-25 15:37:34.8376 INFO Get VAT Master List Success
2022-05-25 15:37:34.9149 INFO Get User Success :103-Harinagar Distillery Division - Bond Officer
2022-05-25 15:37:35.0619 INFO Get VAT Master List Success
2022-05-25 15:37:35.1394 INFO Get VAT Master List Success
2022-05-25 15:37:35.2970 INFO Get Product Type Master List Success
2022-05-25 15:37:35.3890 INFO Get User Success :harinagar_disbo
2022-05-25 15:37:43.9085 INFO Get VAT Master List Success
2022-05-25 15:37:44.2378 INFO Form84 Approve Sucess:2352
2022-05-25 15:37:44.3564 INFO Get User Success :103-Harinagar Distillery Division - Bond Officer
2022-05-25 15:37:46.7351 INFO Get Form84 List Success
2022-05-25 15:37:46.8103 INFO Get Product Type Master List Success
2022-05-25 15:37:46.8922 INFO Get User Success :harinagar_disbo
2022-05-25 15:37:50.1671 INFO Get User Success :103-Harinagar Distillery Division - Bond Officer
2022-05-25 15:37:50.2435 INFO Get VAT Master List Success
2022-05-25 15:37:51.6786 INFO Get VAT Master List Success
2022-05-25 15:37:51.7578 INFO Get VAT Master List Success
2022-05-25 15:37:52.5383 INFO Get VAT Master List Success
2022-05-25 15:37:52.6192 INFO Get User Success :103-Harinagar Distillery Division - Bond Officer
2022-05-25 15:37:52.7873 INFO Get VAT Master List Success
2022-05-25 15:37:52.8822 INFO Get VAT Master List Success
2022-05-25 15:37:53.0418 INFO Get Product Type Master List Success
2022-05-25 15:37:53.1226 INFO Get User Success :harinagar_disbo
