2022-04-05 09:31:08.6699 INFO Get User Success :376-Bharath Sugar Mills (Distillery Division)
2022-04-05 09:31:33.6748 INFO Get User Success :376-Bharath Sugar Mills (Distillery Division)
2022-04-05 09:31:34.3140 INFO Get Product Type Master List Success
2022-04-05 09:31:34.4451 INFO Get User Success :bharat_dis
2022-04-05 09:31:45.1745 INFO Get User Success :376-Bharath Sugar Mills (Distillery Division)
2022-04-05 09:31:55.7058 INFO Get Product Type Master List Success
2022-04-05 09:31:55.8181 INFO Get User Success :bharat_dis
2022-04-05 09:34:02.4424 INFO Get User Success :376-Bharath Sugar Mills (Distillery Division)
2022-04-05 09:34:03.6008 INFO Get Product Type Master List Success
2022-04-05 09:34:03.6620 INFO Get User Success :bharat_dis
2022-04-05 09:34:05.8141 INFO Get User Success :376-Bharath Sugar Mills (Distillery Division)
2022-04-05 09:34:06.7028 INFO Get Product Type Master List Success
2022-04-05 09:34:06.8703 INFO Get User Success :bharat_dis
2022-04-05 09:36:45.6632 INFO Get User Success :376-Bharath Sugar Mills (Distillery Division)
2022-04-05 09:36:46.7132 INFO Get Product Type Master List Success
2022-04-05 09:36:47.1824 INFO Get User Success :bharat_dis
2022-04-05 09:36:50.3790 INFO Get User Success :376-Bharath Sugar Mills (Distillery Division)
2022-04-05 09:36:51.7012 INFO Get Product Type Master List Success
2022-04-05 09:36:51.9179 INFO Get User Success :bharat_dis
2022-04-05 09:37:52.0779 INFO Get User Success :376-Bharath Sugar Mills (Distillery Division)
2022-04-05 09:43:49.8994 INFO Get Product Type Master List Success
2022-04-05 09:43:50.0061 INFO Get User Success :bharat_dis
2022-04-05 09:45:14.6153 INFO Get User Success :376-Bharath Sugar Mills (Distillery Division)
2022-04-05 09:45:17.6821 INFO Get Product Type Master List Success
2022-04-05 09:45:17.7879 INFO Get User Success :bharat_dis
2022-04-05 09:46:34.4897 INFO Get User Success :376-Bharath Sugar Mills (Distillery Division)
2022-04-05 09:46:38.1852 INFO Get Product Type Master List Success
2022-04-05 09:46:38.5134 INFO Get User Success :bharat_dis
2022-04-05 09:46:40.9951 INFO Get User Success :376-Bharath Sugar Mills (Distillery Division)
2022-04-05 09:46:50.8239 INFO Get Product Type Master List Success
2022-04-05 09:46:51.0024 INFO Get User Success :bharat_dis
2022-04-05 10:08:56.3969 INFO Get User Success :376-Bharath Sugar Mills (Distillery Division)
2022-04-05 10:08:56.4577 INFO Get User Success :376-Bharath Sugar Mills (Distillery Division)
2022-04-05 10:08:59.9319 INFO Get Product Type Master List Success
2022-04-05 10:09:00.0286 INFO Get User Success :bharat_dis
2022-04-05 10:09:03.3815 INFO Get User Success :376-Bharath Sugar Mills (Distillery Division)
2022-04-05 10:09:11.7302 INFO Get Pass List Success
2022-04-05 10:09:11.7860 INFO Get User Success :376-Bharath Sugar Mills (Distillery Division)
2022-04-05 10:09:12.0294 INFO Get Product Type Master List Success
2022-04-05 10:09:12.0942 INFO Get User Success :bharat_dis
2022-04-05 10:09:25.8246 INFO Get Pass List Success
2022-04-05 10:09:25.8893 INFO Get User Success :376-Bharath Sugar Mills (Distillery Division)
2022-04-05 10:09:29.4535 INFO Get User Success :376-Bharath Sugar Mills (Distillery Division)
2022-04-05 10:09:29.5136 INFO Get Dispach Master List Success
2022-04-05 10:09:29.7789 INFO Get VAT Master List Success
2022-04-05 10:09:29.8416 INFO Get Pass List Success
2022-04-05 10:09:30.3362 INFO Get Product Type Master List Success
2022-04-05 10:09:30.4559 INFO Get User Success :bharat_dis
2022-04-05 10:09:38.3986 INFO Get User Success :376-Bharath Sugar Mills (Distillery Division)
2022-04-05 10:09:47.0938 INFO Get Pass List Success
2022-04-05 10:09:47.1701 INFO Get User Success :376-Bharath Sugar Mills (Distillery Division)
2022-04-05 10:09:47.2563 INFO Get Product Type Master List Success
2022-04-05 10:09:47.3390 INFO Get User Success :bharat_dis
2022-04-05 10:09:57.6464 INFO Get Pass List Success
2022-04-05 10:09:57.7217 INFO Get User Success :376-Bharath Sugar Mills (Distillery Division)
2022-04-05 10:09:59.7115 INFO Get User Success :376-Bharath Sugar Mills (Distillery Division)
2022-04-05 10:09:59.7764 INFO Get Dispach Master List Success
2022-04-05 10:09:59.8965 INFO Get VAT Master List Success
2022-04-05 10:09:59.9485 INFO Get Pass List Success
2022-04-05 10:10:00.5043 INFO Get Product Type Master List Success
2022-04-05 10:10:00.6486 INFO Get User Success :bharat_dis
2022-04-05 10:10:06.0212 INFO Get User Success :376-Bharath Sugar Mills (Distillery Division)
2022-04-05 10:10:12.1997 INFO Get Pass List Success
2022-04-05 10:10:12.2593 INFO Get User Success :376-Bharath Sugar Mills (Distillery Division)
2022-04-05 10:10:12.3203 INFO Get Product Type Master List Success
2022-04-05 10:10:12.4415 INFO Get User Success :bharat_dis
2022-04-05 10:10:22.4211 INFO Get Pass List Success
2022-04-05 10:10:22.4730 INFO Get User Success :376-Bharath Sugar Mills (Distillery Division)
2022-04-05 10:10:24.6056 INFO Get User Success :376-Bharath Sugar Mills (Distillery Division)
2022-04-05 10:10:24.6586 INFO Get Dispach Master List Success
2022-04-05 10:10:24.7693 INFO Get VAT Master List Success
2022-04-05 10:10:24.8450 INFO Get Pass List Success
2022-04-05 10:10:25.3610 INFO Get Product Type Master List Success
2022-04-05 10:10:25.5232 INFO Get User Success :bharat_dis
2022-04-05 10:10:31.0205 INFO Get User Success :376-Bharath Sugar Mills (Distillery Division)
2022-04-05 10:10:37.7110 INFO Get Pass List Success
2022-04-05 10:10:37.7728 INFO Get User Success :376-Bharath Sugar Mills (Distillery Division)
2022-04-05 10:10:37.8320 INFO Get Product Type Master List Success
2022-04-05 10:10:37.9836 INFO Get User Success :bharat_dis
