2022-04-07 12:35:46.9215 INFO Get User Success :341-Globus Spirits Limited
2022-04-07 12:35:47.1456 INFO Get User Success :341-Globus Spirits Limited
2022-04-07 12:35:47.2663 INFO Get Product Type Master List Success
2022-04-07 12:35:47.3431 INFO Get User Success :globus_dis
2022-04-07 12:35:52.4370 INFO Get User Success :341-Globus Spirits Limited
2022-04-07 12:35:52.5368 INFO Get Product Master List Success
2022-04-07 12:54:22.3999 INFO Get User Success :376-Bharath Sugar Mills (Distillery Division)
2022-04-07 12:54:22.6246 INFO Get User Success :376-Bharath Sugar Mills (Distillery Division)
2022-04-07 12:54:23.1605 INFO Get Product Type Master List Success
2022-04-07 12:54:23.3897 INFO Get User Success :bharat_dis
2022-04-07 12:54:33.8490 INFO Get User Success :376-Bharath Sugar Mills (Distillery Division)
2022-04-07 12:54:33.9102 INFO Get User Success :376-Bharath Sugar Mills (Distillery Division)
2022-04-07 12:54:37.8160 INFO Get Product Type Master List Success
2022-04-07 12:54:37.9851 INFO Get User Success :bharat_dis
2022-04-07 12:55:03.6378 INFO Get User Success :339-Bihar Distillers & Bottlers Pvt. Ltd - Unit- 1
2022-04-07 12:55:03.8087 INFO Get User Success :339-Bihar Distillers & Bottlers Pvt. Ltd - Unit- 1
2022-04-07 12:55:03.9166 INFO Get Product Type Master List Success
2022-04-07 12:55:03.9773 INFO Get User Success :bdbl_dis
2022-04-07 12:55:07.4895 INFO Get User Success :339-Bihar Distillers & Bottlers Pvt. Ltd - Unit- 1
2022-04-07 12:55:07.5792 INFO Get User Success :339-Bihar Distillers & Bottlers Pvt. Ltd - Unit- 1
2022-04-07 12:55:07.7726 INFO Get Product Type Master List Success
2022-04-07 12:55:07.8759 INFO Get User Success :bdbl_dis
2022-04-07 12:55:14.5226 INFO Get User Success :339-Bihar Distillers & Bottlers Pvt. Ltd - Unit- 1
2022-04-07 12:55:20.3878 INFO Get User Success :339-Bihar Distillers & Bottlers Pvt. Ltd - Unit- 1
2022-04-07 12:57:52.3433 INFO Get RR List Success
2022-04-07 12:57:52.4082 INFO Get Product Type Master List Success
2022-04-07 12:57:52.5753 INFO Get User Success :bdbl_dis
2022-04-07 13:00:10.9815 INFO Get RR List Success
2022-04-07 13:09:09.3150 INFO Get User Success :339-Bihar Distillers & Bottlers Pvt. Ltd - Unit- 1
2022-04-07 13:09:09.5256 INFO Get User Success :339-Bihar Distillers & Bottlers Pvt. Ltd - Unit- 1
2022-04-07 13:09:09.6492 INFO Get Product Type Master List Success
2022-04-07 13:09:09.7344 INFO Get User Success :bdbl_dis
2022-04-07 13:09:12.6309 INFO Get User Success :339-Bihar Distillers & Bottlers Pvt. Ltd - Unit- 1
2022-04-07 13:09:12.6897 INFO Get User Success :339-Bihar Distillers & Bottlers Pvt. Ltd - Unit- 1
2022-04-07 13:09:12.8271 INFO Get Product Type Master List Success
2022-04-07 13:09:12.8840 INFO Get User Success :bdbl_dis
2022-04-07 13:09:21.9914 INFO Get User Success :339-Bihar Distillers & Bottlers Pvt. Ltd - Unit- 1
2022-04-07 13:09:32.7030 INFO Get User Success :339-Bihar Distillers & Bottlers Pvt. Ltd - Unit- 1
2022-04-07 13:11:40.7270 INFO Get RR List Success
2022-04-07 13:11:41.1466 INFO Get Product Type Master List Success
2022-04-07 13:11:41.3959 INFO Get User Success :bdbl_dis
2022-04-07 13:14:05.1656 INFO Get RR List Success
2022-04-07 13:15:41.5297 INFO Get NOC Details Success
2022-04-07 13:15:46.2798 INFO Get NOC Details Success
2022-04-07 13:15:46.3355 INFO Get User Success :339-Bihar Distillers & Bottlers Pvt. Ltd - Unit- 1
2022-04-07 13:15:46.3951 INFO Get Balance Request Pass Success
2022-04-07 17:22:52.7078 INFO Get User Success :3570-Receiving Section Chemical Lab
2022-04-07 17:24:16.5586 INFO Get User Success :3570-Receiving Section Chemical Lab
2022-04-07 17:24:27.1280 INFO Get User Success :3570-Receiving Section Chemical Lab
2022-04-07 17:24:40.5237 INFO Get User Success :3570-Receiving Section Chemical Lab
2022-04-07 17:25:00.4300 INFO Get User Success :3570-Receiving Section Chemical Lab
2022-04-07 17:25:07.8522 INFO Get User Success :3570-Receiving Section Chemical Lab
2022-04-07 17:25:21.6400 INFO Get User Success :3570-Receiving Section Chemical Lab
2022-04-07 17:25:23.3369 INFO Get User Success :3570-Receiving Section Chemical Lab
2022-04-07 17:49:57.9310 INFO Get User Success :339-Bihar Distillers & Bottlers Pvt. Ltd - Unit- 1
2022-04-07 17:50:08.5424 INFO Get User Success :339-Bihar Distillers & Bottlers Pvt. Ltd - Unit- 1
2022-04-07 17:50:08.7000 INFO Get Product Type Master List Success
2022-04-07 17:50:08.8017 INFO Get User Success :bdbl_dis
2022-04-07 17:50:20.2367 INFO Get User Success :339-Bihar Distillers & Bottlers Pvt. Ltd - Unit- 1
2022-04-07 17:50:27.3355 INFO Get User Success :339-Bihar Distillers & Bottlers Pvt. Ltd - Unit- 1
2022-04-07 17:50:28.0283 INFO Get Product Type Master List Success
2022-04-07 17:50:28.1041 INFO Get User Success :bdbl_dis
2022-04-07 17:50:32.0032 INFO Get User Success :339-Bihar Distillers & Bottlers Pvt. Ltd - Unit- 1
2022-04-07 17:50:32.0917 INFO Get Product Type Master List Success
2022-04-07 17:50:32.1645 INFO Get User Success :bdbl_dis
2022-04-07 17:50:34.7178 INFO Get User Success :339-Bihar Distillers & Bottlers Pvt. Ltd - Unit- 1
2022-04-07 17:50:36.3924 INFO Get Product Type Master List Success
2022-04-07 17:50:36.4711 INFO Get User Success :bdbl_dis
2022-04-07 17:51:28.9937 INFO Get User Success :339-Bihar Distillers & Bottlers Pvt. Ltd - Unit- 1
