2022-04-16 12:31:08.7740 INFO Get User Success :339-Bihar Distillers & Bottlers Pvt. Ltd - Unit- 1
2022-04-16 12:31:09.0641 INFO Get User Success :339-Bihar Distillers & Bottlers Pvt. Ltd - Unit- 1
2022-04-16 12:31:09.2131 INFO Get Product Type Master List Success
2022-04-16 12:31:09.2949 INFO Get User Success :bdbl_dis
2022-04-16 12:31:16.3139 INFO Get User Success :339-Bihar Distillers & Bottlers Pvt. Ltd - Unit- 1
2022-04-16 12:31:16.4108 INFO Get User Success :339-Bihar Distillers & Bottlers Pvt. Ltd - Unit- 1
2022-04-16 12:31:16.6200 INFO Get Product Type Master List Success
2022-04-16 12:31:16.7204 INFO Get User Success :bdbl_dis
2022-04-16 12:31:19.8543 INFO Get User Success :339-Bihar Distillers & Bottlers Pvt. Ltd - Unit- 1
2022-04-16 12:31:38.5796 INFO Get User Success :339-Bihar Distillers & Bottlers Pvt. Ltd - Unit- 1
2022-04-16 12:31:47.6077 INFO Get User Success :339-Bihar Distillers & Bottlers Pvt. Ltd - Unit- 1
2022-04-16 12:34:13.4108 INFO Get User Success :339-Bihar Distillers & Bottlers Pvt. Ltd - Unit- 1
2022-04-16 12:38:02.6339 INFO Get User Success :339-Bihar Distillers & Bottlers Pvt. Ltd - Unit- 1
2022-04-16 12:38:02.8833 INFO Get User Success :339-Bihar Distillers & Bottlers Pvt. Ltd - Unit- 1
2022-04-16 12:38:03.0670 INFO Get Product Type Master List Success
2022-04-16 12:38:03.1502 INFO Get User Success :bdbl_dis
2022-04-16 12:38:05.9896 INFO Get User Success :339-Bihar Distillers & Bottlers Pvt. Ltd - Unit- 1
2022-04-16 12:38:06.0773 INFO Get User Success :339-Bihar Distillers & Bottlers Pvt. Ltd - Unit- 1
2022-04-16 12:38:06.2253 INFO Get Product Type Master List Success
2022-04-16 12:38:06.3141 INFO Get User Success :bdbl_dis
2022-04-16 12:38:10.1640 INFO Get User Success :339-Bihar Distillers & Bottlers Pvt. Ltd - Unit- 1
2022-04-16 12:40:07.8825 INFO Get User Success :339-Bihar Distillers & Bottlers Pvt. Ltd - Unit- 1
2022-04-16 12:42:54.2367 INFO Get User Success :339-Bihar Distillers & Bottlers Pvt. Ltd - Unit- 1
2022-04-16 12:45:16.5248 INFO Get RR List Success
2022-04-16 12:48:07.5831 INFO Get RR List Success
2022-04-16 12:48:18.6366 INFO Get NOC Details Success
2022-04-16 12:48:25.5913 INFO Get NOC Details Success
2022-04-16 12:48:25.6783 INFO Get User Success :339-Bihar Distillers & Bottlers Pvt. Ltd - Unit- 1
2022-04-16 12:48:25.7635 INFO Get Balance Request Pass Success
2022-04-16 12:48:25.9141 INFO Get Product Type Master List Success
2022-04-16 12:48:26.1079 INFO Get User Success :bdbl_dis
2022-04-16 13:19:06.8520 INFO Get User Success :101-Commissioner
2022-04-16 13:19:07.1388 INFO Get User Success :101-Commissioner
2022-04-16 13:19:07.8393 INFO Get Product Type Master List Success
2022-04-16 13:19:07.9181 INFO Get User Success :com
2022-04-16 13:19:12.3634 INFO Get User Success :101-Commissioner
2022-04-16 13:19:12.5432 INFO Get Product Type Master List Success
2022-04-16 13:19:12.6067 INFO Get User Success :com
2022-04-16 15:10:11.9228 INFO Get User Success :339-Bihar Distillers & Bottlers Pvt. Ltd - Unit- 1
2022-04-16 15:10:12.1404 INFO Get User Success :339-Bihar Distillers & Bottlers Pvt. Ltd - Unit- 1
2022-04-16 15:10:12.2772 INFO Get Product Type Master List Success
2022-04-16 15:10:12.3554 INFO Get User Success :bdbl_dis
2022-04-16 15:10:28.3203 INFO Get User Success :339-Bihar Distillers & Bottlers Pvt. Ltd - Unit- 1
2022-04-16 15:10:28.3824 INFO Get User Success :339-Bihar Distillers & Bottlers Pvt. Ltd - Unit- 1
2022-04-16 15:10:28.5313 INFO Get Product Type Master List Success
2022-04-16 15:10:28.6385 INFO Get User Success :bdbl_dis
2022-04-16 15:10:55.4182 INFO Get User Success :339-Bihar Distillers & Bottlers Pvt. Ltd - Unit- 1
2022-04-16 15:11:20.4835 INFO Get User Success :339-Bihar Distillers & Bottlers Pvt. Ltd - Unit- 1
2022-04-16 15:11:36.9329 INFO Get User Success :339-Bihar Distillers & Bottlers Pvt. Ltd - Unit- 1
2022-04-16 15:13:23.2367 INFO Get RR List Success
2022-04-16 15:15:42.6427 INFO Get RR List Success
2022-04-16 15:15:53.0190 INFO Get NOC Details Success
2022-04-16 15:16:10.9457 INFO Get NOC Details Success
2022-04-16 15:16:10.9974 INFO Get User Success :339-Bihar Distillers & Bottlers Pvt. Ltd - Unit- 1
2022-04-16 15:18:49.3439 INFO Get Balance Request Pass Success
