2022-04-19 12:57:58.8276 INFO Get User Success :339-Bihar Distillers & Bottlers Pvt. Ltd - Unit- 1
2022-04-19 12:57:59.1236 INFO Get User Success :339-Bihar Distillers & Bottlers Pvt. Ltd - Unit- 1
2022-04-19 12:57:59.2698 INFO Get Product Type Master List Success
2022-04-19 12:57:59.3517 INFO Get User Success :bdbl_dis
2022-04-19 12:58:19.9636 INFO Get User Success :339-Bihar Distillers & Bottlers Pvt. Ltd - Unit- 1
2022-04-19 12:58:20.0348 INFO Get User Success :339-Bihar Distillers & Bottlers Pvt. Ltd - Unit- 1
2022-04-19 12:58:20.2057 INFO Get Product Type Master List Success
2022-04-19 12:58:20.2722 INFO Get User Success :bdbl_dis
2022-04-19 12:58:24.3805 INFO Get User Success :339-Bihar Distillers & Bottlers Pvt. Ltd - Unit- 1
2022-04-19 12:58:52.7050 INFO Get User Success :339-Bihar Distillers & Bottlers Pvt. Ltd - Unit- 1
2022-04-19 12:59:11.2394 INFO Get User Success :339-Bihar Distillers & Bottlers Pvt. Ltd - Unit- 1
2022-04-19 13:01:12.2181 INFO Get RR List Fail:Exception while reading from stream
2022-04-19 13:03:19.4268 INFO Get RR List Success
2022-04-19 13:03:28.3753 INFO Get NOC Details Success
2022-04-19 13:03:35.5211 INFO Get NOC Details Success
2022-04-19 13:03:35.5760 INFO Get User Success :339-Bihar Distillers & Bottlers Pvt. Ltd - Unit- 1
2022-04-19 13:03:35.6308 INFO Get Balance Request Pass Success
2022-04-19 13:03:35.7575 INFO Get Product Type Master List Success
2022-04-19 13:03:35.9161 INFO Get User Success :bdbl_dis
2022-04-19 15:09:31.2834 INFO Get User Success :339-Bihar Distillers & Bottlers Pvt. Ltd - Unit- 1
2022-04-19 15:09:31.5792 INFO Get User Success :339-Bihar Distillers & Bottlers Pvt. Ltd - Unit- 1
2022-04-19 15:09:32.3407 INFO Get Product Type Master List Success
2022-04-19 15:09:32.7223 INFO Get User Success :bdbl_dis
2022-04-19 15:09:52.2637 INFO Get User Success :339-Bihar Distillers & Bottlers Pvt. Ltd - Unit- 1
2022-04-19 15:09:52.6129 INFO Get User Success :339-Bihar Distillers & Bottlers Pvt. Ltd - Unit- 1
2022-04-19 15:09:52.8390 INFO Get Product Type Master List Success
2022-04-19 15:09:53.0364 INFO Get User Success :bdbl_dis
2022-04-19 15:09:57.0837 INFO Get User Success :339-Bihar Distillers & Bottlers Pvt. Ltd - Unit- 1
2022-04-19 15:11:09.0595 INFO Get User Success :339-Bihar Distillers & Bottlers Pvt. Ltd - Unit- 1
2022-04-19 15:11:19.6477 INFO Get User Success :339-Bihar Distillers & Bottlers Pvt. Ltd - Unit- 1
2022-04-19 15:13:34.7761 INFO Get RR List Success
2022-04-19 15:16:31.0435 INFO Get RR List Success
2022-04-19 15:17:52.2266 INFO Get NOC Details Success
2022-04-19 15:22:46.2259 INFO Get NOC Details Success
2022-04-19 15:25:21.5384 INFO Get RR List Success
2022-04-19 15:44:44.8484 INFO Get NOC Details Success
2022-04-19 15:44:49.9442 INFO Get Product Type Master List Success
2022-04-19 15:44:50.0212 INFO Get User Success :bdbl_dis
2022-04-19 15:44:59.4558 INFO Get User Success :339-Bihar Distillers & Bottlers Pvt. Ltd - Unit- 1
2022-04-19 15:47:11.4164 INFO Get RR List Success
2022-04-19 15:50:00.3421 INFO Get RR List Success
2022-04-19 15:50:16.2870 INFO Get NOC Details Success
2022-04-19 15:50:34.7987 INFO Get NOC Details Success
2022-04-19 15:50:34.8614 INFO Get User Success :339-Bihar Distillers & Bottlers Pvt. Ltd - Unit- 1
2022-04-19 15:50:34.9213 INFO Get Balance Request Pass Success
2022-04-19 15:50:35.0492 INFO Get Product Type Master List Success
2022-04-19 15:50:35.2229 INFO Get User Success :bdbl_dis
