2022-04-11 09:43:39.0649 INFO Get User Success :3572-labincharge Chemical Lab
2022-04-11 09:43:43.0866 INFO Get User Success :3572-labincharge Chemical Lab
2022-04-11 09:43:43.8384 INFO Get User Success :3572-labincharge Chemical Lab
2022-04-11 09:49:35.9838 INFO Get User Success :3572-labincharge Chemical Lab
2022-04-11 09:52:27.7404 INFO Get User Success :3572-labincharge Chemical Lab
2022-04-11 10:03:24.2066 INFO Get User Success :3572-labincharge Chemical Lab
2022-04-11 10:03:26.3228 INFO Get User Success :3572-labincharge Chemical Lab
2022-04-11 10:03:26.8937 INFO Get User Success :3572-labincharge Chemical Lab
2022-04-11 10:03:32.3095 INFO Get User Success :3572-labincharge Chemical Lab
2022-04-11 10:03:43.0423 INFO Get User Success :3572-labincharge Chemical Lab
2022-04-11 10:19:24.2426 INFO Get User Success :3572-labincharge Chemical Lab
2022-04-11 10:20:34.1776 INFO Get User Success :3572-labincharge Chemical Lab
2022-04-11 10:21:56.6620 INFO Get User Success :3572-labincharge Chemical Lab
2022-04-11 10:23:28.9729 INFO Get User Success :3572-labincharge Chemical Lab
2022-04-11 10:25:21.9331 INFO Get User Success :3572-labincharge Chemical Lab
2022-04-11 10:26:27.1972 INFO Get User Success :3572-labincharge Chemical Lab
2022-04-11 10:27:58.9787 INFO Get User Success :3572-labincharge Chemical Lab
2022-04-11 10:28:20.9272 INFO Get User Success :3572-labincharge Chemical Lab
2022-04-11 10:30:38.7500 INFO Get User Success :3572-labincharge Chemical Lab
2022-04-11 10:39:13.6155 INFO Get User Success :3572-labincharge Chemical Lab
2022-04-11 10:39:14.1246 INFO Get User Success :3572-labincharge Chemical Lab
2022-04-11 10:39:26.7499 INFO Get User Success :3572-labincharge Chemical Lab
2022-04-11 10:39:36.3885 INFO Get User Success :3572-labincharge Chemical Lab
2022-04-11 10:42:30.5132 INFO Get User Success :376-Bharath Sugar Mills (Distillery Division)
2022-04-11 10:42:30.7566 INFO Get User Success :376-Bharath Sugar Mills (Distillery Division)
2022-04-11 10:42:31.2412 INFO Get Product Type Master List Success
2022-04-11 10:42:31.3978 INFO Get User Success :bharat_dis
2022-04-11 10:43:44.5263 INFO Get User Success :376-Bharath Sugar Mills (Distillery Division)
2022-04-11 10:43:44.5962 INFO Get User Success :376-Bharath Sugar Mills (Distillery Division)
2022-04-11 10:43:51.7710 INFO Get Product Type Master List Success
2022-04-11 10:43:52.0454 INFO Get User Success :bharat_dis
2022-04-11 10:43:55.1906 INFO Get User Success :376-Bharath Sugar Mills (Distillery Division)
2022-04-11 10:44:07.7166 INFO Get User Success :376-Bharath Sugar Mills (Distillery Division)
2022-04-11 10:44:07.7924 INFO Get Dispach Master List Success
2022-04-11 10:44:07.9532 INFO Get VAT Master List Success
2022-04-11 10:44:08.0200 INFO Get Product Type Master List Success
2022-04-11 10:44:08.2831 INFO Get User Success :bharat_dis
2022-04-11 12:19:12.3889 INFO Get User Success :339-Bihar Distillers & Bottlers Pvt. Ltd - Unit- 1
2022-04-11 12:19:29.6765 INFO Get User Success :339-Bihar Distillers & Bottlers Pvt. Ltd - Unit- 1
2022-04-11 12:19:29.8346 INFO Get Product Type Master List Success
2022-04-11 12:19:29.9381 INFO Get User Success :bdbl_dis
2022-04-11 12:19:54.4178 INFO Get User Success :339-Bihar Distillers & Bottlers Pvt. Ltd - Unit- 1
2022-04-11 12:19:54.4876 INFO Get User Success :339-Bihar Distillers & Bottlers Pvt. Ltd - Unit- 1
2022-04-11 12:19:54.6910 INFO Get Product Type Master List Success
2022-04-11 12:19:54.7589 INFO Get User Success :bdbl_dis
2022-04-11 12:19:58.0907 INFO Get User Success :339-Bihar Distillers & Bottlers Pvt. Ltd - Unit- 1
2022-04-11 12:23:01.4449 INFO Get Report  Success
2022-04-11 12:23:11.9244 INFO Get GetSeverList Success
2022-04-11 13:15:37.2221 INFO Get User Success :339-Bihar Distillers & Bottlers Pvt. Ltd - Unit- 1
2022-04-11 13:15:37.7836 INFO Get User Success :339-Bihar Distillers & Bottlers Pvt. Ltd - Unit- 1
2022-04-11 13:15:37.9591 INFO Get Product Type Master List Success
2022-04-11 13:15:38.1636 INFO Get User Success :bdbl_dis
2022-04-11 13:15:52.5999 INFO Get User Success :339-Bihar Distillers & Bottlers Pvt. Ltd - Unit- 1
2022-04-11 13:15:53.1105 INFO Get User Success :339-Bihar Distillers & Bottlers Pvt. Ltd - Unit- 1
2022-04-11 13:15:53.3917 INFO Get Product Type Master List Success
2022-04-11 13:15:53.5802 INFO Get User Success :bdbl_dis
2022-04-11 13:15:57.7442 INFO Get User Success :339-Bihar Distillers & Bottlers Pvt. Ltd - Unit- 1
2022-04-11 13:16:52.7443 INFO Get User Success :339-Bihar Distillers & Bottlers Pvt. Ltd - Unit- 1
2022-04-11 13:19:29.4878 INFO Get RR List Success
2022-04-11 13:22:22.6273 INFO Get RR List Success
2022-04-11 13:26:03.6708 INFO Get NOC Details Success
2022-04-11 13:26:19.0203 INFO Get Product Type Master List Success
2022-04-11 13:26:19.4518 INFO Get User Success :bdbl_dis
2022-04-11 13:29:19.4374 INFO Get RR List Success
2022-04-11 14:23:46.7196 INFO Get NOC Details Success
2022-04-11 14:24:12.1912 INFO Get RR List Fail:Exception while reading from stream
2022-04-11 14:24:24.5316 INFO Get NOC Details Success
2022-04-11 14:26:12.3117 INFO Get NOC Details Success
2022-04-11 14:26:12.3725 INFO Get User Success :339-Bihar Distillers & Bottlers Pvt. Ltd - Unit- 1
2022-04-11 14:26:12.4362 INFO Get Balance Request Pass Success
2022-04-11 14:27:29.3655 INFO Update Request Pass Success
2022-04-11 14:27:29.4653 INFO Get User Success :339-Bihar Distillers & Bottlers Pvt. Ltd - Unit- 1
2022-04-11 14:27:29.5251 INFO Get User Success :339-Bihar Distillers & Bottlers Pvt. Ltd - Unit- 1
2022-04-11 14:27:29.6538 INFO Get Product Type Master List Success
2022-04-11 14:27:29.7369 INFO Get User Success :bdbl_dis
2022-04-11 17:50:26.0635 INFO Get User Success :3572-labincharge Chemical Lab
2022-04-11 17:51:25.0595 INFO Get User Success :3572-labincharge Chemical Lab
2022-04-11 17:51:31.4424 INFO Get User Success :3572-labincharge Chemical Lab
2022-04-11 17:51:33.3825 INFO Get User Success :3572-labincharge Chemical Lab
2022-04-11 17:55:42.9748 INFO Get User Success :3572-labincharge Chemical Lab
2022-04-11 17:55:58.4012 INFO Get User Success :3572-labincharge Chemical Lab
2022-04-11 17:56:03.1993 INFO Get User Success :3572-labincharge Chemical Lab
2022-04-11 17:56:03.9973 INFO Get User Success :3572-labincharge Chemical Lab
2022-04-11 18:01:22.3996 INFO Get User Success :3572-labincharge Chemical Lab
2022-04-11 18:01:44.4463 INFO Get User Success :3572-labincharge Chemical Lab
2022-04-11 18:01:48.4540 INFO Get User Success :3572-labincharge Chemical Lab
2022-04-11 18:01:49.3325 INFO Get User Success :3572-labincharge Chemical Lab
2022-04-11 18:01:51.2253 INFO Get User Success :3572-labincharge Chemical Lab
2022-04-11 18:02:04.2774 INFO Get User Success :3572-labincharge Chemical Lab
