2022-04-12 09:48:01.9488 INFO Get User Success :3572-labincharge Chemical Lab
2022-04-12 09:48:06.2536 INFO Get User Success :3572-labincharge Chemical Lab
2022-04-12 09:48:06.8584 INFO Get User Success :3572-labincharge Chemical Lab
2022-04-12 09:48:08.9991 INFO Get User Success :3572-labincharge Chemical Lab
2022-04-12 09:48:16.9809 INFO Get User Success :3572-labincharge Chemical Lab
2022-04-12 09:48:26.4303 INFO Get User Success :3572-labincharge Chemical Lab
2022-04-12 09:48:33.2386 INFO Get User Success :3570-Receiving Section Chemical Lab
2022-04-12 09:48:40.4028 INFO Get User Success :3570-Receiving Section Chemical Lab
2022-04-12 09:49:16.2687 INFO Get User Success :3570-Receiving Section Chemical Lab
2022-04-12 09:49:19.7282 INFO Get User Success :3570-Receiving Section Chemical Lab
2022-04-12 09:49:24.1764 INFO Get User Success :3570-Receiving Section Chemical Lab
2022-04-12 09:49:37.8163 INFO Get User Success :3570-Receiving Section Chemical Lab
2022-04-12 09:49:43.6656 INFO Get User Success :3573-labtec Chemical Lab
2022-04-12 09:49:47.1759 INFO Get User Success :3573-labtec Chemical Lab
2022-04-12 09:49:50.8851 INFO Get User Success :3573-labtec Chemical Lab
2022-04-12 09:51:07.6306 INFO Get User Success :3573-labtec Chemical Lab
2022-04-12 09:51:12.8671 INFO Get User Success :3573-labtec Chemical Lab
2022-04-12 09:52:23.2601 INFO Get User Success :3573-labtec Chemical Lab
2022-04-12 09:52:32.0325 INFO Get User Success :3572-labincharge Chemical Lab
2022-04-12 09:52:35.7479 INFO Get User Success :3572-labincharge Chemical Lab
2022-04-12 09:52:36.2736 INFO Get User Success :3572-labincharge Chemical Lab
2022-04-12 09:52:40.4728 INFO Get User Success :3572-labincharge Chemical Lab
2022-04-12 13:05:36.7829 INFO Get User Success :3572-labincharge Chemical Lab
2022-04-12 13:05:48.6275 INFO Get User Success :339-Bihar Distillers & Bottlers Pvt. Ltd - Unit- 1
2022-04-12 13:05:48.8256 INFO Get User Success :339-Bihar Distillers & Bottlers Pvt. Ltd - Unit- 1
2022-04-12 13:05:48.9623 INFO Get Product Type Master List Success
2022-04-12 13:05:49.0360 INFO Get User Success :bdbl_dis
2022-04-12 13:05:51.3050 INFO Get User Success :339-Bihar Distillers & Bottlers Pvt. Ltd - Unit- 1
2022-04-12 13:05:55.4985 INFO Get User Success :339-Bihar Distillers & Bottlers Pvt. Ltd - Unit- 1
2022-04-12 13:05:55.9193 INFO Get Product Type Master List Success
2022-04-12 13:05:55.9819 INFO Get User Success :bdbl_dis
2022-04-12 13:06:01.0146 INFO Get User Success :339-Bihar Distillers & Bottlers Pvt. Ltd - Unit- 1
2022-04-12 13:06:01.1233 INFO Get Product Type Master List Success
2022-04-12 13:06:01.2094 INFO Get User Success :bdbl_dis
2022-04-12 13:06:02.7055 INFO Get User Success :339-Bihar Distillers & Bottlers Pvt. Ltd - Unit- 1
2022-04-12 13:06:06.3797 INFO Get Product Type Master List Success
2022-04-12 13:06:06.4438 INFO Get User Success :bdbl_dis
2022-04-12 13:06:09.8350 INFO Get User Success :339-Bihar Distillers & Bottlers Pvt. Ltd - Unit- 1
2022-04-12 13:06:09.8998 INFO Get VAT Master List Success
2022-04-12 13:07:06.1866 INFO Get User Success :339-Bihar Distillers & Bottlers Pvt. Ltd - Unit- 1
2022-04-12 13:07:12.4143 INFO Get Product Type Master List Success
2022-04-12 13:07:12.4864 INFO Get User Success :bdbl_dis
2022-04-12 13:07:15.2529 INFO Get User Success :339-Bihar Distillers & Bottlers Pvt. Ltd - Unit- 1
2022-04-12 13:07:15.3207 INFO Get VAT Master List Success
2022-04-12 13:09:04.3914 INFO Get Product Type Master List Success
2022-04-12 13:09:04.4581 INFO Get User Success :bdbl_dis
2022-04-12 13:10:39.5554 INFO Get User Success :339-Bihar Distillers & Bottlers Pvt. Ltd - Unit- 1
2022-04-12 13:10:39.6213 INFO Get VAT Master List Success
2022-04-12 13:10:41.0154 INFO Get Product Type Master List Success
2022-04-12 13:10:41.0862 INFO Get User Success :bdbl_dis
2022-04-12 13:10:46.2385 INFO Get User Success :339-Bihar Distillers & Bottlers Pvt. Ltd - Unit- 1
2022-04-12 13:10:49.9474 INFO Get Product Type Master List Success
2022-04-12 13:10:50.0141 INFO Get User Success :bdbl_dis
2022-04-12 13:10:53.3826 INFO Get User Success :339-Bihar Distillers & Bottlers Pvt. Ltd - Unit- 1
2022-04-12 13:10:53.4434 INFO Get VAT Master List Success
2022-04-12 13:10:54.7664 INFO Get Product Type Master List Success
2022-04-12 13:10:54.8331 INFO Get User Success :bdbl_dis
2022-04-12 13:11:13.7732 INFO Get User Success :339-Bihar Distillers & Bottlers Pvt. Ltd - Unit- 1
2022-04-12 13:11:17.8577 INFO Get Product Type Master List Success
2022-04-12 13:11:17.9273 INFO Get User Success :bdbl_dis
2022-04-12 13:13:15.7586 INFO Get User Success :339-Bihar Distillers & Bottlers Pvt. Ltd - Unit- 1
2022-04-12 13:13:15.8513 INFO Get VAT Master List Success
2022-04-12 13:13:17.6369 INFO Get Product Type Master List Success
2022-04-12 13:13:17.7366 INFO Get User Success :bdbl_dis
2022-04-12 13:13:20.8727 INFO Get User Success :339-Bihar Distillers & Bottlers Pvt. Ltd - Unit- 1
2022-04-12 13:13:20.9465 INFO Get VAT Master List Success
2022-04-12 13:13:22.5981 INFO Get Product Type Master List Success
2022-04-12 13:13:22.6709 INFO Get User Success :bdbl_dis
2022-04-12 13:16:48.9768 INFO Get User Success :339-Bihar Distillers & Bottlers Pvt. Ltd - Unit- 1
2022-04-12 13:16:49.0346 INFO Get VAT Master List Success
2022-04-12 13:22:08.1018 INFO Get User Success :339-Bihar Distillers & Bottlers Pvt. Ltd - Unit- 1
2022-04-12 13:22:08.3759 INFO Get User Success :339-Bihar Distillers & Bottlers Pvt. Ltd - Unit- 1
2022-04-12 13:22:08.5548 INFO Get Product Type Master List Success
2022-04-12 13:22:08.7433 INFO Get User Success :bdbl_dis
2022-04-12 13:22:14.5645 INFO Get User Success :339-Bihar Distillers & Bottlers Pvt. Ltd - Unit- 1
2022-04-12 13:22:31.4946 INFO Get User Success :339-Bihar Distillers & Bottlers Pvt. Ltd - Unit- 1
2022-04-12 13:22:32.5826 INFO Get Product Type Master List Success
2022-04-12 13:22:32.6564 INFO Get User Success :bdbl_dis
2022-04-12 13:22:43.2720 INFO Get User Success :339-Bihar Distillers & Bottlers Pvt. Ltd - Unit- 1
2022-04-12 13:22:43.3518 INFO Get Product Type Master List Success
2022-04-12 13:22:43.4186 INFO Get User Success :bdbl_dis
2022-04-12 13:22:45.2872 INFO Get User Success :339-Bihar Distillers & Bottlers Pvt. Ltd - Unit- 1
2022-04-12 13:22:57.4777 INFO Get Product Type Master List Success
2022-04-12 13:22:57.5495 INFO Get User Success :bdbl_dis
2022-04-12 13:23:19.4804 INFO Get User Success :339-Bihar Distillers & Bottlers Pvt. Ltd - Unit- 1
2022-04-12 13:23:19.5532 INFO Get VAT Master List Success
2022-04-12 13:23:30.5586 INFO Get Product Type Master List Success
2022-04-12 13:23:30.6249 INFO Get User Success :bdbl_dis
2022-04-12 13:23:43.1805 INFO Get User Success :339-Bihar Distillers & Bottlers Pvt. Ltd - Unit- 1
2022-04-12 13:23:47.0921 INFO Get Product Type Master List Success
2022-04-12 13:23:47.1633 INFO Get User Success :bdbl_dis
2022-04-12 13:23:49.8744 INFO Get User Success :339-Bihar Distillers & Bottlers Pvt. Ltd - Unit- 1
2022-04-12 13:23:49.9412 INFO Get VAT Master List Success
2022-04-12 13:23:53.9645 INFO Get Product Type Master List Success
2022-04-12 13:23:54.0320 INFO Get User Success :bdbl_dis
2022-04-12 15:15:20.0252 INFO Get User Success :3573-labtec Chemical Lab
2022-04-12 15:16:10.0990 INFO Get User Success :3573-labtec Chemical Lab
2022-04-12 15:16:22.8023 INFO Get User Success :3570-Receiving Section Chemical Lab
2022-04-12 15:16:30.4142 INFO Get User Success :3570-Receiving Section Chemical Lab
2022-04-12 15:16:40.1760 INFO Get User Success :3570-Receiving Section Chemical Lab
2022-04-12 15:16:54.5725 INFO Get User Success :3572-labincharge Chemical Lab
2022-04-12 15:16:56.5307 INFO Get User Success :3572-labincharge Chemical Lab
2022-04-12 15:16:57.0927 INFO Get User Success :3572-labincharge Chemical Lab
2022-04-12 15:16:58.8734 INFO Get User Success :3572-labincharge Chemical Lab
2022-04-12 15:17:09.2028 INFO Get User Success :3572-labincharge Chemical Lab
2022-04-12 15:20:04.4981 INFO Get User Success :3572-labincharge Chemical Lab
2022-04-12 15:21:02.7151 INFO Get User Success :3573-labtec Chemical Lab
2022-04-12 15:21:06.5630 INFO Get User Success :3573-labtec Chemical Lab
2022-04-12 15:21:18.7899 INFO Get User Success :3573-labtec Chemical Lab
2022-04-12 15:22:20.4294 INFO Get User Success :3573-labtec Chemical Lab
2022-04-12 15:22:24.3103 INFO Get User Success :3573-labtec Chemical Lab
2022-04-12 15:22:30.2210 INFO Get User Success :3573-labtec Chemical Lab
2022-04-12 15:22:36.6515 INFO Get User Success :3573-labtec Chemical Lab
2022-04-12 15:23:19.1994 INFO Get User Success :3573-labtec Chemical Lab
2022-04-12 15:23:26.6582 INFO Get User Success :3570-Receiving Section Chemical Lab
2022-04-12 15:23:38.4494 INFO Get User Success :3570-Receiving Section Chemical Lab
2022-04-12 15:23:42.7592 INFO Get User Success :3570-Receiving Section Chemical Lab
2022-04-12 15:23:52.6858 INFO Get User Success :3570-Receiving Section Chemical Lab
2022-04-12 15:24:04.2524 INFO Get User Success :3570-Receiving Section Chemical Lab
2022-04-12 15:24:08.2776 INFO Get User Success :3570-Receiving Section Chemical Lab
2022-04-12 15:24:15.3229 INFO Get User Success :3570-Receiving Section Chemical Lab
2022-04-12 15:25:06.0102 INFO Get User Success :3570-Receiving Section Chemical Lab
2022-04-12 15:25:41.7525 INFO Get User Success :3570-Receiving Section Chemical Lab
2022-04-12 15:25:43.5348 INFO Get User Success :3570-Receiving Section Chemical Lab
2022-04-12 15:25:57.3972 INFO Get User Success :3570-Receiving Section Chemical Lab
2022-04-12 15:28:58.6283 INFO Get User Success :3570-Receiving Section Chemical Lab
2022-04-12 15:29:41.2417 INFO Get User Success :3570-Receiving Section Chemical Lab
2022-04-12 15:39:25.0648 INFO Get User Success :3570-Receiving Section Chemical Lab
2022-04-12 15:42:48.3015 INFO Get User Success :3570-Receiving Section Chemical Lab
2022-04-12 15:43:16.9503 INFO Get User Success :3570-Receiving Section Chemical Lab
2022-04-12 15:43:19.7346 INFO Get User Success :3570-Receiving Section Chemical Lab
2022-04-12 15:44:14.5943 INFO Get User Success :3573-labtec Chemical Lab
2022-04-12 15:44:54.3954 INFO Get User Success :3573-labtec Chemical Lab
2022-04-12 15:45:01.5910 INFO Get User Success :3573-labtec Chemical Lab
2022-04-12 15:45:05.5292 INFO Get User Success :3573-labtec Chemical Lab
2022-04-12 15:53:54.5706 INFO Get User Success :3573-labtec Chemical Lab
2022-04-12 15:54:57.8879 INFO Get User Success :3573-labtec Chemical Lab
2022-04-12 15:55:07.3876 INFO Get User Success :3573-labtec Chemical Lab
2022-04-12 15:55:16.0759 INFO Get User Success :3572-labincharge Chemical Lab
2022-04-12 15:55:20.3401 INFO Get User Success :3572-labincharge Chemical Lab
2022-04-12 15:55:20.8557 INFO Get User Success :3572-labincharge Chemical Lab
2022-04-12 15:55:22.7608 INFO Get User Success :3572-labincharge Chemical Lab
2022-04-12 15:55:35.8116 INFO Get User Success :3572-labincharge Chemical Lab
2022-04-12 15:55:44.9802 INFO Get User Success :3572-labincharge Chemical Lab
2022-04-12 15:59:03.2790 INFO Get User Success :3571-disoff Chemical Lab
2022-04-12 16:02:15.3229 INFO Get User Success :3571-disoff Chemical Lab
2022-04-12 16:02:15.8297 INFO Get User Success :3571-disoff Chemical Lab
2022-04-12 16:06:59.1234 INFO Get User Success :3571-disoff Chemical Lab
2022-04-12 16:07:54.1860 INFO Get User Success :3573-labtec Chemical Lab
2022-04-12 16:07:58.3608 INFO Get User Success :3573-labtec Chemical Lab
2022-04-12 16:08:04.5237 INFO Get User Success :3573-labtec Chemical Lab
2022-04-12 16:08:08.0099 INFO Get User Success :3573-labtec Chemical Lab
2022-04-12 16:10:43.5249 INFO Get User Success :3573-labtec Chemical Lab
2022-04-12 16:10:51.1725 INFO Get User Success :3573-labtec Chemical Lab
2022-04-12 16:11:51.0601 INFO Get User Success :3573-labtec Chemical Lab
2022-04-12 16:11:59.9332 INFO Get User Success :3573-labtec Chemical Lab
2022-04-12 16:13:17.8993 INFO Get User Success :3573-labtec Chemical Lab
2022-04-12 16:13:59.3743 INFO Get User Success :3573-labtec Chemical Lab
2022-04-12 16:15:18.7700 INFO Get User Success :3573-labtec Chemical Lab
2022-04-12 16:23:20.5621 INFO Get User Success :3573-labtec Chemical Lab
2022-04-12 16:27:32.2959 INFO Get User Success :3573-labtec Chemical Lab
2022-04-12 16:29:29.0490 INFO Get User Success :3573-labtec Chemical Lab
2022-04-12 16:29:35.2659 INFO Get User Success :3573-labtec Chemical Lab
2022-04-12 16:32:30.1728 INFO Get User Success :3573-labtec Chemical Lab
2022-04-12 16:39:06.7701 INFO Get User Success :3573-labtec Chemical Lab
2022-04-12 16:42:20.7857 INFO Get User Success :3573-labtec Chemical Lab
2022-04-12 16:47:19.2077 INFO Get User Success :3573-labtec Chemical Lab
2022-04-12 16:47:24.7214 INFO Get User Success :3573-labtec Chemical Lab
2022-04-12 16:47:46.0399 INFO Get User Success :3573-labtec Chemical Lab
2022-04-12 16:47:52.1396 INFO Get User Success :3573-labtec Chemical Lab
2022-04-12 16:49:43.7343 INFO Get User Success :3573-labtec Chemical Lab
2022-04-12 16:49:55.2093 INFO Get User Success :3573-labtec Chemical Lab
2022-04-12 16:50:48.6955 INFO Get User Success :3573-labtec Chemical Lab
2022-04-12 16:51:04.0759 INFO Get User Success :3573-labtec Chemical Lab
2022-04-12 16:53:28.6308 INFO Get User Success :3573-labtec Chemical Lab
2022-04-12 16:53:59.0155 INFO Get User Success :3573-labtec Chemical Lab
2022-04-12 16:54:03.0724 INFO Get User Success :3573-labtec Chemical Lab
2022-04-12 16:56:19.8817 INFO Get User Success :3573-labtec Chemical Lab
2022-04-12 16:56:29.6526 INFO Get User Success :3573-labtec Chemical Lab
2022-04-12 16:59:31.0157 INFO Get User Success :3573-labtec Chemical Lab
2022-04-12 17:05:03.1930 INFO Get User Success :3573-labtec Chemical Lab
2022-04-12 17:05:03.5379 INFO Get User Success :3573-labtec Chemical Lab
2022-04-12 17:05:08.0458 INFO Get User Success :3573-labtec Chemical Lab
2022-04-12 17:05:13.1130 INFO Get User Success :3573-labtec Chemical Lab
2022-04-12 17:05:15.6642 INFO Get User Success :3573-labtec Chemical Lab
2022-04-12 17:05:53.7914 INFO Get User Success :3573-labtec Chemical Lab
2022-04-12 17:05:57.6955 INFO Get User Success :3573-labtec Chemical Lab
2022-04-12 17:06:00.2254 INFO Get User Success :3573-labtec Chemical Lab
2022-04-12 17:07:46.2513 INFO Get User Success :3573-labtec Chemical Lab
2022-04-12 17:11:38.7270 INFO Get User Success :3573-labtec Chemical Lab
2022-04-12 17:12:13.9423 INFO Get User Success :3573-labtec Chemical Lab
2022-04-12 17:12:38.9429 INFO Get User Success :3573-labtec Chemical Lab
2022-04-12 17:12:42.1650 INFO Get User Success :3573-labtec Chemical Lab
2022-04-12 17:15:04.3092 INFO Get User Success :3573-labtec Chemical Lab
2022-04-12 17:15:11.5066 INFO Get User Success :3573-labtec Chemical Lab
