2022-03-30 09:53:32.1296 INFO Get User Success :101-Commissioner
2022-03-30 09:53:32.4018 INFO Get User Success :101-Commissioner
2022-03-30 09:53:33.1933 INFO Get Product Type Master List Success
2022-03-30 09:53:33.2591 INFO Get User Success :com
2022-03-30 09:53:38.9748 INFO Get State List Success
2022-03-30 09:58:59.4517 INFO Get User Success :101-Commissioner
2022-03-30 09:58:59.6953 INFO Get User Success :101-Commissioner
2022-03-30 09:59:00.3972 INFO Get Product Type Master List Success
2022-03-30 09:59:00.4660 INFO Get User Success :com
2022-03-30 09:59:06.1081 INFO Get User Success :101-Commissioner
2022-03-30 09:59:06.2792 INFO Get Product Type Master List Success
2022-03-30 09:59:06.3463 INFO Get User Success :com
2022-03-30 09:59:10.9930 INFO Get State List Success
2022-03-30 09:59:13.5463 INFO Get Product Type Master List Success
2022-03-30 09:59:13.6189 INFO Get User Success :com
2022-03-30 09:59:45.3799 INFO Get User Success :101-Commissioner
2022-03-30 09:59:45.5425 INFO Get Product Type Master List Success
2022-03-30 09:59:45.7976 INFO Get User Success :com
2022-03-30 10:29:27.5150 INFO Get State List Success
2022-03-30 10:30:00.5797 INFO Get State List Success
2022-03-30 10:30:13.4714 INFO Get State List Success
2022-03-30 10:31:21.2769 INFO Get State List Success
2022-03-30 10:42:25.7115 INFO Get Existing data Success :complaint
2022-03-30 10:42:26.1303 INFO Get Existing data Success :complaint
2022-03-30 10:42:28.6201 INFO Get Existing data Success :complaint
2022-03-30 10:44:23.8460 INFO Get Existing data Success :complaint
2022-03-30 10:44:26.3113 INFO Get Existing data Success :complaint
2022-03-30 10:46:05.3969 INFO Get Existing data Success :complaint
2022-03-30 10:46:16.6679 INFO Get Existing data Success :complaint
2022-03-30 10:46:52.7472 INFO Get Existing data Success :complaint
2022-03-30 10:47:39.2174 INFO Get Existing data Success :complaint
2022-03-30 10:49:01.7131 INFO Get Existing data Success :complaint
2022-03-30 10:49:17.8892 INFO Get Existing data Success :complaint
2022-03-30 10:49:28.1130 INFO Get Existing data Success :complaint
2022-03-30 10:49:37.0975 INFO Get Existing data Success :complaint
2022-03-30 10:49:47.3238 INFO Get Existing data Success :complaint
2022-03-30 10:50:01.7808 INFO Get Existing data Success :complaint
2022-03-30 12:05:20.8544 INFO Get User Success :101-Commissioner
2022-03-30 12:05:21.5945 INFO Get User Success :101-Commissioner
2022-03-30 12:05:26.1077 INFO Get Product Type Master List Success
2022-03-30 12:05:26.6783 INFO Get User Success :com
2022-03-30 12:21:11.9088 INFO Get User Success :101-Commissioner
2022-03-30 12:21:14.2139 INFO Get User Success :101-Commissioner
2022-03-30 12:21:17.6692 INFO Get Product Type Master List Success
2022-03-30 12:21:18.0701 INFO Get User Success :com
2022-03-30 15:15:31.7126 INFO Get User Success :3572-labincharge Chemical Lab
2022-03-30 15:15:36.5001 INFO Get User Success :3572-labincharge Chemical Lab
2022-03-30 15:15:38.0979 INFO Get User Success :3572-labincharge Chemical Lab
2022-03-30 15:15:38.9792 INFO Get User Success :3572-labincharge Chemical Lab
2022-03-30 15:15:42.0285 INFO Get User Success :3572-labincharge Chemical Lab
2022-03-30 15:15:42.5960 INFO Get User Success :3572-labincharge Chemical Lab
2022-03-30 15:16:03.2440 INFO Get User Success :3572-labincharge Chemical Lab
2022-03-30 15:16:28.4123 INFO Get User Success :3573-labtec Chemical Lab
2022-03-30 15:16:32.0935 INFO Get User Success :3573-labtec Chemical Lab
2022-03-30 15:16:32.4625 INFO Get User Success :3573-labtec Chemical Lab
2022-03-30 15:16:54.0302 INFO Get User Success :3573-labtec Chemical Lab
2022-03-30 15:17:04.2132 INFO Get User Success :3573-labtec Chemical Lab
2022-03-30 15:17:10.2849 INFO Get User Success :3573-labtec Chemical Lab
2022-03-30 15:17:10.5134 INFO Get User Success :3573-labtec Chemical Lab
2022-03-30 15:44:48.7301 INFO Get User Success :3573-labtec Chemical Lab
2022-03-30 15:45:11.9338 INFO Get User Success :3573-labtec Chemical Lab
2022-03-30 15:45:15.1138 INFO Get User Success :3573-labtec Chemical Lab
2022-03-30 15:45:21.0015 INFO Get User Success :3573-labtec Chemical Lab
2022-03-30 15:45:30.3986 INFO Get User Success :3573-labtec Chemical Lab
2022-03-30 15:50:30.1853 INFO Get User Success :3573-labtec Chemical Lab
2022-03-30 15:52:35.0751 INFO Get User Success :3573-labtec Chemical Lab
2022-03-30 16:13:41.2336 INFO Get User Success :3573-labtec Chemical Lab
2022-03-30 16:15:25.9828 INFO Get User Success :3573-labtec Chemical Lab
2022-03-30 16:15:38.9388 INFO Get User Success :44-Administrator
2022-03-30 16:15:39.1250 INFO Get User Success :44-Administrator
2022-03-30 16:15:39.2357 INFO Get Product Type Master List Success
2022-03-30 16:15:39.2972 INFO Get User Success :Admin
2022-03-30 16:15:45.5092 INFO Get Product Type Master List Success
2022-03-30 16:15:45.5623 INFO Get User Success :Admin
2022-03-30 16:15:51.1340 INFO Get Product Type Master List Success
2022-03-30 16:15:51.1867 INFO Get User Success :Admin
2022-03-30 16:16:02.9460 INFO Get Product Type Master List Success
2022-03-30 16:16:02.9995 INFO Get User Success :Admin
2022-03-30 16:16:05.1160 INFO Get Product Type Master List Success
2022-03-30 16:16:05.1694 INFO Get User Success :Admin
2022-03-30 16:16:07.0280 INFO Get Product Type Master List Success
2022-03-30 16:16:07.0819 INFO Get User Success :Admin
2022-03-30 16:16:08.7920 INFO Get Product Type Master List Success
2022-03-30 16:16:08.8459 INFO Get User Success :Admin
2022-03-30 16:16:15.3855 INFO Get Product Type Master List Success
2022-03-30 16:16:15.4393 INFO Get User Success :Admin
2022-03-30 16:16:21.7859 INFO Get Product Type Master List Success
2022-03-30 16:16:21.8398 INFO Get User Success :Admin
2022-03-30 16:16:24.9139 INFO Get Product Type Master List Success
2022-03-30 16:16:24.9694 INFO Get User Success :Admin
2022-03-30 16:16:27.9491 INFO Get Product Type Master List Success
2022-03-30 16:16:28.0035 INFO Get User Success :Admin
2022-03-30 16:16:33.1572 INFO Get Product Type Master List Success
2022-03-30 16:16:33.2101 INFO Get User Success :Admin
2022-03-30 16:16:37.6078 INFO Get Product Type Master List Success
2022-03-30 16:16:37.6655 INFO Get User Success :Admin
2022-03-30 16:16:39.6301 INFO Get Product Type Master List Success
2022-03-30 16:16:39.6887 INFO Get User Success :Admin
2022-03-30 16:16:59.7546 INFO Get Product Type Master List Success
2022-03-30 16:16:59.8127 INFO Get User Success :Admin
2022-03-30 16:17:05.9678 INFO Get Product Type Master List Success
2022-03-30 16:17:06.0263 INFO Get User Success :Admin
2022-03-30 16:17:13.0457 INFO Get Product Type Master List Success
2022-03-30 16:17:13.0975 INFO Get User Success :Admin
2022-03-30 16:17:17.4310 INFO Get Product Type Master List Success
2022-03-30 16:17:17.4938 INFO Get User Success :Admin
2022-03-30 16:17:19.4426 INFO Get Product Type Master List Success
2022-03-30 16:17:19.5004 INFO Get User Success :Admin
2022-03-30 16:17:21.5367 INFO Get Product Type Master List Success
2022-03-30 16:17:21.5897 INFO Get User Success :Admin
2022-03-30 16:34:27.5451 INFO Get Product Type Master List Success
2022-03-30 16:34:27.6155 INFO Get User Success :Admin
2022-03-30 16:34:50.6769 INFO Get User Success :3573-labtec Chemical Lab
2022-03-30 16:34:55.9802 INFO Get User Success :3573-labtec Chemical Lab
2022-03-30 16:35:12.5855 INFO Get User Success :3573-labtec Chemical Lab
2022-03-30 16:35:40.9968 INFO Get User Success :3573-labtec Chemical Lab
2022-03-30 16:35:47.8862 INFO Get User Success :3573-labtec Chemical Lab
2022-03-30 16:45:36.6309 INFO Get User Success :3573-labtec Chemical Lab
2022-03-30 16:45:58.5439 INFO Get User Success :3573-labtec Chemical Lab
2022-03-30 16:46:05.5136 INFO Get User Success :3573-labtec Chemical Lab
2022-03-30 16:46:12.8057 INFO Get User Success :3573-labtec Chemical Lab
2022-03-30 17:16:38.5376 INFO Get User Success :3572-labincharge Chemical Lab
2022-03-30 17:16:45.2308 INFO Get User Success :3572-labincharge Chemical Lab
2022-03-30 17:16:46.8118 INFO Get User Success :3572-labincharge Chemical Lab
2022-03-30 17:16:47.4318 INFO Get User Success :3572-labincharge Chemical Lab
2022-03-30 17:16:49.2060 INFO Get User Success :3572-labincharge Chemical Lab
2022-03-30 17:19:58.5169 INFO Get User Success :3572-labincharge Chemical Lab
2022-03-30 17:22:49.1658 INFO Get User Success :3572-labincharge Chemical Lab
